[2015.06.11-09.38.18:304][  0]Log file open, 06/11/15 11:38:18
[2015.06.11-09.38.18:304][  0]LogInit:Display: Running engine for game: agdgRTS
[2015.06.11-09.38.18:304][  0]LogInit:Display: RandInit(-818790973) SRandInit(-818790973).
[2015.06.11-09.38.18:304][  0]LogTaskGraph: Started task graph with 4 named threads and 7 total threads.
[2015.06.11-09.38.18:304][  0]LogStats: Stats thread started
[2015.06.11-09.38.18:304][  0]LogInit: Version: 4.8.0-2579680+++depot+UE4-Releases+4.8
[2015.06.11-09.38.18:304][  0]LogInit: API Version: 2579680
[2015.06.11-09.38.18:304][  0]LogInit: Compiled (64-bit): Jun  8 2015 03:34:53
[2015.06.11-09.38.18:304][  0]LogInit: Compiled with Visual C++: 18.00.21005.01
[2015.06.11-09.38.18:304][  0]LogInit: Build Configuration: Development
[2015.06.11-09.38.18:304][  0]LogInit: Branch Name: ++depot+UE4-Releases+4.8
[2015.06.11-09.38.18:304][  0]LogInit: Command line:  
[2015.06.11-09.38.18:304][  0]LogInit: Base directory: C:/Program Files/Unreal Engine/4.8/Engine/Binaries/Win64/
[2015.06.11-09.38.18:304][  0]LogInit: Rocket: 1
[2015.06.11-09.38.18:316][  0]LogInit: Using libcurl 7.41.0
[2015.06.11-09.38.18:316][  0]LogInit:  - built for x86_64-pc-win32
[2015.06.11-09.38.18:316][  0]LogInit:  - supports SSL with WinSSL
[2015.06.11-09.38.18:316][  0]LogInit:  - other features:
[2015.06.11-09.38.18:316][  0]LogInit:      CURL_VERSION_SSL
[2015.06.11-09.38.18:316][  0]LogInit:      CURL_VERSION_IPV6
[2015.06.11-09.38.18:316][  0]LogInit:      CURL_VERSION_ASYNCHDNS
[2015.06.11-09.38.18:316][  0]LogInit:      CURL_VERSION_LARGEFILE
[2015.06.11-09.38.18:316][  0]LogInit:      CURL_VERSION_IDN
[2015.06.11-09.38.18:316][  0]LogInit:  CurlRequestOptions (configurable via config and command line):
[2015.06.11-09.38.18:316][  0]LogInit:  - bVerifyPeer = true  - Libcurl will verify peer certificate
[2015.06.11-09.38.18:316][  0]LogInit:  - bUseHttpProxy = false  - Libcurl will NOT use HTTP proxy
[2015.06.11-09.38.18:316][  0]LogInit:  - bDontReuseConnections = false  - Libcurl will reuse connections
[2015.06.11-09.38.18:316][  0]LogInit:  - CertBundlePath = nullptr  - Libcurl will use whatever was configured at build time.
[2015.06.11-09.38.18:327][  0]LogOnline:Warning: No default platform service specified for OnlineSubsystem
[2015.06.11-09.38.18:340][  0]LogInit: Presizing for 0 objects not considered by GC, pre-allocating 0 bytes.
[2015.06.11-09.38.18:347][  0]LogInit: Object subsystem initialized
[2015.06.11-09.38.18:348][  0]LogConsoleResponse:Warning: Skipping Unknown console variable: 'TranslucentSortAxis = (X=0.000000,Y=-1.000000,Z=0.000000)'
[2015.06.11-09.38.18:348][  0]LogConsoleResponse:Warning:   Found in ini file 'C:/Users/Admin/Documents/Unreal Projects/agdgRTS/Saved/Config/Windows/Engine.ini', in section '[/Script/Engine.RendererSettings]'
[2015.06.11-09.38.18:348][  0]LogConsoleResponse:Warning: Skipping Unknown console variable: 'UIScaleRule = ShortestSide'
[2015.06.11-09.38.18:348][  0]LogConsoleResponse:Warning:   Found in ini file 'C:/Users/Admin/Documents/Unreal Projects/agdgRTS/Saved/Config/Windows/Engine.ini', in section '[/Script/Engine.RendererSettings]'
[2015.06.11-09.38.18:348][  0]LogConsoleResponse:Warning: Skipping Unknown console variable: 'UIScaleCurve = (EditorCurveData=(Keys=),ExternalCurve=None)'
[2015.06.11-09.38.18:348][  0]LogConsoleResponse:Warning:   Found in ini file 'C:/Users/Admin/Documents/Unreal Projects/agdgRTS/Saved/Config/Windows/Engine.ini', in section '[/Script/Engine.RendererSettings]'
[2015.06.11-09.38.18:348][  0]LogInit: Selected Device Profile: [Windows]
[2015.06.11-09.38.18:348][  0]LogInit: Applying CVar settings loaded from the selected device profile: [Windows]
[2015.06.11-09.38.18:357][  0]LogInit: Computer: ADMIN-PC
[2015.06.11-09.38.18:357][  0]LogInit: User: Admin
[2015.06.11-09.38.18:357][  0]LogInit: CPU Page size=4096, Cores=4
[2015.06.11-09.38.18:357][  0]LogInit: High frequency timer resolution =3.312822 MHz
[2015.06.11-09.38.18:357][  0]LogMemory: Memory total: Physical=7.9GB (8GB approx)
[2015.06.11-09.38.18:357][  0]LogMemory: Platform Memory Stats for Windows
[2015.06.11-09.38.18:357][  0]LogMemory: Process Physical Memory: 49.79 MB used, 49.79 MB peak
[2015.06.11-09.38.18:357][  0]LogMemory: Process Virtual Memory: 23.39 MB used, 23.39 MB peak
[2015.06.11-09.38.18:357][  0]LogMemory: Physical Memory: 3699.32 MB used, 8139.27 MB total
[2015.06.11-09.38.18:357][  0]LogMemory: Virtual Memory: 279.92 MB used, 8388608.00 MB total
[2015.06.11-09.38.18:389][  0]LogTextLocalizationManager: The requested culture ('en_GB') has no localization data; parent culture's ('en') localization data will be used.
[2015.06.11-09.38.18:585][  0]LogTextLocalizationManager:Warning: Loaded localization resources contain conflicting entries for (Namespace:ContentBrowser, Key:ImportAssetToolTip):
Localization Resource: (C:/Program Files/Unreal Engine/4.8/Engine/Content/Localization/Editor/en/Editor.locres) Source String Hash: (-630476809) Localized String: (Import to {0}...)
Localization Resource: (C:/Program Files/Unreal Engine/4.8/Engine/Content/Localization/Editor/en/Editor.locres) Source String Hash: (1271782899) Localized String: (Imports an asset from file to this folder.)
[2015.06.11-09.38.19:019][  0]LogD3D11RHI: Found D3D11 adapter 0: NVIDIA GeForce GTX 660   (Feature Level 11_0)
[2015.06.11-09.38.19:019][  0]LogD3D11RHI: Adapter has 1990MB of dedicated video memory, 0MB of dedicated system memory, and 2048MB of shared system memory, 1 output[s]
[2015.06.11-09.38.19:019][  0]LogD3D11RHI: Chosen D3D11 Adapter Id = 0
[2015.06.11-09.38.19:022][  0]LogRHI: Texture pool is 1361 MB (70% of 1945 MB)
[2015.06.11-09.38.19:029][  0]LogD3D11RHI: Async texture creation enabled
[2015.06.11-09.38.19:042][  0]LogShaderCompilers:Display: Using Local Shader Compiler.
[2015.06.11-09.38.19:884][  0]LogTemp:Display: Loaded TP DesktopTargetPlatform
[2015.06.11-09.38.19:897][  0]LogTemp:Display: Loaded TP WindowsClientTargetPlatform
[2015.06.11-09.38.19:909][  0]LogTemp:Display: Loaded TP WindowsNoEditorTargetPlatform
[2015.06.11-09.38.19:922][  0]LogTemp:Display: Loaded TP WindowsServerTargetPlatform
[2015.06.11-09.38.19:936][  0]LogTemp:Display: Loaded TP WindowsTargetPlatform
[2015.06.11-09.38.19:948][  0]LogTemp:Display: Loaded TP AndroidTargetPlatform
[2015.06.11-09.38.19:960][  0]LogTemp:Display: Loaded TP Android_ASTCTargetPlatform
[2015.06.11-09.38.19:972][  0]LogTemp:Display: Loaded TP Android_ATCTargetPlatform
[2015.06.11-09.38.19:984][  0]LogTemp:Display: Loaded TP Android_DXTTargetPlatform
[2015.06.11-09.38.19:995][  0]LogTemp:Display: Loaded TP Android_ETC1TargetPlatform
[2015.06.11-09.38.20:007][  0]LogTemp:Display: Loaded TP Android_ETC2TargetPlatform
[2015.06.11-09.38.20:019][  0]LogTemp:Display: Loaded TP Android_PVRTCTargetPlatform
[2015.06.11-09.38.20:062][  0]LogTemp:Display: Loaded TP IOSTargetPlatform
[2015.06.11-09.38.20:073][  0]LogTemp:Display: Loaded TP LinuxNoEditorTargetPlatform
[2015.06.11-09.38.20:086][  0]LogTemp:Display: Loaded TP LinuxServerTargetPlatform
[2015.06.11-09.38.20:100][  0]LogTemp:Display: Loaded TP LinuxTargetPlatform
[2015.06.11-09.38.20:100][  0]LogTargetPlatformManager:Display: Building Assets For Windows
[2015.06.11-09.38.20:290][  0]LogDerivedDataCache:Display: Max Cache Size: 512 MB
[2015.06.11-09.38.20:346][  0]LogDerivedDataCache: Loaded boot cache 0.06s 53MB C:/Users/Admin/AppData/Local/UnrealEngine/4.8/DerivedDataCache/Boot.ddc.
[2015.06.11-09.38.20:346][  0]LogDerivedDataCache:Display: Loaded Boot cache: C:/Users/Admin/AppData/Local/UnrealEngine/4.8/DerivedDataCache/Boot.ddc
[2015.06.11-09.38.20:346][  0]LogDerivedDataCache: FDerivedDataBackendGraph:  Pak pak cache file ../../../../../../Users/Admin/Documents/Unreal Projects/agdgRTS/DerivedDataCache/DDC.ddp not found, will not use a pak cache.
[2015.06.11-09.38.20:346][  0]LogDerivedDataCache: Unable to find inner node Pak for hierarchical cache Hierarchy.
[2015.06.11-09.38.20:346][  0]LogDerivedDataCache: FDerivedDataBackendGraph:  CompressedPak pak cache file ../../../../../../Users/Admin/Documents/Unreal Projects/agdgRTS/DerivedDataCache/Compressed.ddp not found, will not use a pak cache.
[2015.06.11-09.38.20:346][  0]LogDerivedDataCache: Unable to find inner node CompressedPak for hierarchical cache Hierarchy.
[2015.06.11-09.38.20:504][  0]LogDerivedDataCache:Display: Pak cache opened for reading ../../../Engine/DerivedDataCache/Compressed.ddp.
[2015.06.11-09.38.20:515][  0]LogDerivedDataCache: Using Local data cache path C:/Users/Admin/AppData/Local/UnrealEngine/Common/DerivedDataCache: Writable
[2015.06.11-09.38.20:732][  0]LogInit: Selected Device Profile: [Windows]
[2015.06.11-09.38.20:740][  0]ImportText (ComponentSweepMultiTests): Missing closing parenthesis: (RootShapeAsset="/Engine/BasicShapes/Cube.Cube",ShapeType="TriggerCapsule",HitResult=(Time=0.50,Location=(X=-100.000015,Y=0.0,Z=100.000015),ImpactPoint=(X=-50.0,Y=0.0,Z=50.0),Normal=(X=-1.0,Y=-0.0,Z=0.0),ImpactNormal=(X=0.0,Y=0.0,Z=1.0),TraceStart=(X=-200.0,Y=0.0,Z=200.0),TraceEnd=(X=0.0,Y=0.0,Z=0.0))
[2015.06.11-09.38.20:740][  0]ImportText (LineTraceSingleByChannelTests): Missing closing parenthesis: (RootShapeAsset="/Engine/BasicShapes/Cube.Cube",HitResult=(Time=0.50,Location=(X=-100.000015,Y=0.0,Z=100.000015),ImpactPoint=(X=-50.0,Y=0.0,Z=50.0),Normal=(X=-1.0,Y=-0.0,Z=0.0),ImpactNormal=(X=0.0,Y=0.0,Z=1.0),TraceStart=(X=-200.0,Y=0.0,Z=200.0),TraceEnd=(X=0.0,Y=0.0,Z=0.0))
[2015.06.11-09.38.20:765][  0]LogMeshUtilities: No automatic mesh reduction module available
[2015.06.11-09.38.20:765][  0]LogMeshUtilities: No automatic mesh merging module available
[2015.06.11-09.38.21:145][  0]LogInit: WinSock: version 1.1 (2.2), MaxSocks=32767, MaxUdp=65467
[2015.06.11-09.38.22:026][  0]UdpMessaging: Initializing bridge on interface 0.0.0.0:0 to multicast group 230.0.0.1:6666.
[2015.06.11-09.38.22:354][  0]SourceControl: Info Source control is disabled
[2015.06.11-09.38.22:359][  0]SourceControl: Info Source control is disabled
[2015.06.11-09.38.22:368][  0]SourceControl: Info Source control is disabled
[2015.06.11-09.38.22:377][  0]SourceControl: Info Source control is disabled
[2015.06.11-09.38.22:587][  0]LogObj: 26273 objects as part of root set at end of initial load.
[2015.06.11-09.38.22:587][  0]LogUObjectAllocator: 5409248 out of 0 bytes used by permanent object pool.
[2015.06.11-09.38.22:652][  0]LogEngine: Initializing Engine...
[2015.06.11-09.38.22:654][  0]LogHMD: Can't find Oculus library dev build: is proper Runtime installed? Version: 0.6.0.0
[2015.06.11-09.38.22:660][  0]LogHMD:Warning: SteamVR failed to initialize.  Error: 108
[2015.06.11-09.38.22:804][  0]LogAIModule: Creating AISystem for world NewWorld
[2015.06.11-09.38.22:810][  0]LogInit: XAudio2 using 'Speakers (6- Logitech G35 Headset)' : 8 channels at 44.1 kHz using 16 bits per sample (channel mask 0x63f)
[2015.06.11-09.38.22:818][  0]LogInit: FAudioDevice initialized.
[2015.06.11-09.38.22:857][  0]LogDerivedDataCache: Saved boot cache 0.04s 53MB C:/Users/Admin/AppData/Local/UnrealEngine/4.8/DerivedDataCache/Boot.ddc.
[2015.06.11-09.38.22:861][  0]LogInit: Texture streaming: Disabled
[2015.06.11-09.38.22:882][  0]LogAnalytics: Creating configured Analytics provider AnalyticsET
[2015.06.11-09.38.22:882][  0]LogAnalytics: [UEEditor.Rocket.Release] APIServer = http://et2.epicgames.com/ET2/. AppVersion = 4.8.0-2579680+++depot+UE4-Releases+4.8
[2015.06.11-09.38.22:882][  0]LogAnalytics: [UEEditor.Rocket.Release] SetUserId 45e8c21744eb95767a37edaaf578a055|6e6540727fb34f4f876b0e52d0daf29d|4af4e7ee-cbb8-43ef-b682-c083a089eca5
[2015.06.11-09.38.22:882][  0]LogAnalytics: [UEEditor.Rocket.Release] AnalyticsET::StartSession
[2015.06.11-09.38.22:904][  0]LogInit: Transaction tracking system initialized
[2015.06.11-09.38.23:013][  0]BlueprintLog: New page: Editor Load
[2015.06.11-09.38.23:043][  0]LogAssetRegistry: FAssetRegistry took 0.0097 seconds to start up
[2015.06.11-09.38.23:043][  0]LogDirectoryWatcher:Warning: Failed to begin reading directory changes for ../../../Engine/Plugins/Experimental/CharacterAI/Content/. Error: 0
[2015.06.11-09.38.23:693][  0]LogConsoleManager:Warning: Console variable 'r.VSync' wasn't set ('GameSetting' has a lower priority than 'SystemSettingsIni')
[2015.06.11-09.38.23:694][  0]LogConsoleResponse:Display: 
[2015.06.11-09.38.23:779][  0]LogCook:Display: Done creating registry. It took  0.00s.
[2015.06.11-09.38.23:937][  0]SourceControl: Info Source control is disabled
[2015.06.11-09.38.23:937][  0]Cmd: MAP LOAD FILE="../../../Engine/Content/Maps/Templates/Template_Default.umap" TEMPLATE=1 SHOWPROGRESS=1 FEATURELEVEL=3
[2015.06.11-09.38.23:938][  0]LightingResults: New page: Lighting Build
[2015.06.11-09.38.23:949][  0]MapCheck: New page: Map Check
[2015.06.11-09.38.23:949][  0]LightingResults: New page: Lighting Build
[2015.06.11-09.38.23:956][  0]LogParticles: Destroying 0 GPU particle simulations for FXSystem 0x000000001A6C89A0
[2015.06.11-09.38.24:338][  0]LogAIModule: Creating AISystem for world Untitled_1
[2015.06.11-09.38.24:343][  0]LogEditorServer: Finished looking for orphan Actors (0.000 secs)
[2015.06.11-09.38.24:349][  0]Cmd: MAP CHECKDEP NOCLEARLOG
[2015.06.11-09.38.24:381][  0]MapCheck: Info Map check complete: 0 Error(s), 0 Warning(s), took 31.314ms to complete.
[2015.06.11-09.38.24:381][  0]LogFileHelpers: Loading map 'Template_Default' took 0.444
[2015.06.11-09.38.24:470][  0]LogCollectionManager: Loaded 0 collections in 0.002197 seconds
[2015.06.11-09.38.24:479][  0]LogContentBrowser: Native class hierarchy populated in 0.0083 seconds. Added 1792 classes and 301 folders.
[2015.06.11-09.38.24:522][  0]LogContentBrowser: Native class hierarchy updated for 'WidgetCarousel' in 0.0003 seconds. Added 0 classes and 0 folders.
[2015.06.11-09.38.24:546][  0]LogContentBrowser: Native class hierarchy updated for 'AddContentDialog' in 0.0003 seconds. Added 0 classes and 0 folders.
[2015.06.11-09.38.24:590][  0]LogContentBrowser: Native class hierarchy updated for 'SceneOutliner' in 0.0003 seconds. Added 1 classes and 2 folders.
[2015.06.11-09.38.24:637][  0]LogCrashTracker: Crashtracker disabled due to settings.
[2015.06.11-09.38.24:640][  0]LogUObjectGlobals:Warning: Failed to find object 'Class None.'
[2015.06.11-09.38.24:661][  0]LogLoad: Full Startup: 7.97 seconds (BP compile: 0.17 seconds)
[2015.06.11-09.38.25:058][  0]LogContentStreaming: Texture pool size is 0.000000MB
[2015.06.11-09.38.25:078][  0]LogContentStreaming: Texture pool size now 700 MB
[2015.06.11-09.38.25:200][  0]LogRenderer: Reallocating scene render targets to support 1120x928 (Frame:2).
[2015.06.11-09.38.28:009][  9]LogAssetRegistry: Asset discovery search completed in 4.9825 seconds
[2015.06.11-09.39.18:161][450]LogAIModule: Creating AISystem for world Experiments
[2015.06.11-09.39.18:198][450]Cmd: MAP LOAD FILE="../../../../../../Users/Admin/Documents/Unreal Projects/agdgRTS/Content/Maps/Experiments.umap" TEMPLATE=0 SHOWPROGRESS=1 FEATURELEVEL=3
[2015.06.11-09.39.18:198][450]LightingResults: New page: Lighting Build
[2015.06.11-09.39.18:212][450]LoadErrors: New page: Loading map: Experiments.umap
[2015.06.11-09.39.18:212][450]MapCheck: New page: Map Check
[2015.06.11-09.39.18:212][450]LightingResults: New page: Lighting Build
[2015.06.11-09.39.18:220][450]LogParticles: Destroying 0 GPU particle simulations for FXSystem 0x000000000D7A3A60
[2015.06.11-09.39.18:262][450]LogAIModule: Creating AISystem for world Experiments
[2015.06.11-09.39.18:286][450]LogEditorServer: Finished looking for orphan Actors (0.000 secs)
[2015.06.11-09.39.18:312][450]Cmd: MAP CHECKDEP NOCLEARLOG
[2015.06.11-09.39.18:345][450]MapCheck: Info Map check complete: 0 Error(s), 0 Warning(s), took 33.422ms to complete.
[2015.06.11-09.39.18:345][450]LogFileHelpers: Loading map 'Experiments' took 0.149
[2015.06.11-09.39.57:310][598]LogEditorViewport: Clicking on Actor (LMB): DirectionalLight (Light Source)
[2015.06.11-09.40.45:171][ 75]Cmd: UpdateLandscapeSetup
[2015.06.11-09.40.46:225][200]Cmd: UpdateLandscapeSetup
[2015.06.11-09.40.47:423][344]Cmd: UpdateLandscapeSetup
[2015.06.11-09.40.54:871][649]Cmd: UpdateLandscapeSetup
[2015.06.11-09.41.06:888][236]Cmd: OBJ SAVEPACKAGE PACKAGE="/Game/Maps/Experiments" FILE="../../../../../../Users/Admin/Documents/Unreal Projects/agdgRTS/Content/Maps/Experiments.umap" SILENT=true AUTOSAVING=false KEEPDIRTY=false
[2015.06.11-09.41.06:933][236]LogSavePackage: Save=15.027973ms
[2015.06.11-09.41.06:933][236]LogSavePackage: Moving '../../../../../../Users/Admin/Documents/Unreal Projects/agdgRTS/Saved/ExperimentsCC92FB6440AEA391722B45B1F93EE2B6.tmp' to '../../../../../../Users/Admin/Documents/Unreal Projects/agdgRTS/Content/Maps/Experiments.umap'
[2015.06.11-09.41.06:960][236]LogFileHelpers: Saving map 'Experiments' took 0.107
[2015.06.11-09.41.19:914][363]Cmd: EDIT PASTE
[2015.06.11-09.41.41:828][715]LogMaterial: Missing cached shader map for material M_Houses1, compiling. 
[2015.06.11-09.41.42:308][715]LogActorFactory: Actor Factory created House1_11
[2015.06.11-09.41.43:066][789]LogActorFactory: Actor Factory created House1_11
[2015.06.11-09.41.43:989][892]LogEditorViewport: Clicking on Actor (LMB): StaticMeshActor (House1_11)
[2015.06.11-09.41.55:312][109]LogEditorViewport: Clicking on Actor (LMB): BP_Sky_Sphere_C (Sky Sphere)
[2015.06.11-09.41.55:669][127]LogEditorViewport: Clicking on Actor (LMB): StaticMeshActor (House1_11)
[2015.06.11-09.41.56:027][157]Cmd: DELETE
[2015.06.11-09.41.56:027][157]Cmd: ACTOR DELETE
[2015.06.11-09.41.56:027][157]LogEditorActor: Deleted Actor: StaticMeshActor
[2015.06.11-09.41.56:041][157]LogEditorActor: Deleted 1 Actors (0.014 secs)
[2015.06.11-09.41.56:466][208]LogEditorViewport: Clicking on Actor (LMB): BP_Sky_Sphere_C (Sky Sphere)
[2015.06.11-09.41.57:826][365]LogEditorViewport: Clicking on Actor (LMB): BP_Sky_Sphere_C (Sky Sphere)
[2015.06.11-09.42.03:641][969]LogEditorViewport: Clicking on Actor (LMB): PostProcessVolume (ExteriorPostProcess)
[2015.06.11-09.42.07:637][398]LogEditorViewport: Clicking on Actor (LMB): DirectionalLight (Light Source)
[2015.06.11-09.42.12:076][871]LogEditorViewport: Clicking on Actor (LMB): AtmosphericFog (Atmospheric Fog)
[2015.06.11-09.42.12:425][898]LogEditorViewport: Clicking on Actor (LMB): AtmosphericFog (Atmospheric Fog)
[2015.06.11-09.42.14:055][ 82]LogEditorViewport: Clicking on Actor (LMB): DirectionalLight (Light Source)
[2015.06.11-09.42.25:012][302]LogEditorViewport: Clicking on Actor (LMB): BP_Sky_Sphere_C (Sky Sphere)
[2015.06.11-09.42.41:068][876]LogEditorViewport: Clicking on Actor (LMB): DirectionalLight (Light Source)
[2015.06.11-09.42.43:488][154]LogEditorViewport: Clicking on Actor (LMB): PlayerStart (Player Start)
[2015.06.11-09.42.44:213][238]LogEditorViewport: Clicking on Actor (LMB): AtmosphericFog (Atmospheric Fog)
[2015.06.11-09.42.46:977][547]LogEditorViewport: Clicking Background
[2015.06.11-09.42.47:316][587]LogEditorViewport: Clicking on Actor (LMB): DirectionalLight (Light Source)
[2015.06.11-09.42.52:368][159]LogEditorViewport: Clicking on Actor (LMB): AtmosphericFog (Atmospheric Fog)
[2015.06.11-09.43.13:437][601]LogEditorViewport: Clicking on Actor (LMB): DirectionalLight (Light Source)
[2015.06.11-09.43.14:629][740]LogEditorViewport: Clicking on Actor (CTRL LMB): AtmosphericFog (Atmospheric Fog)
[2015.06.11-09.43.14:997][782]LogEditorViewport: Clicking on Actor (CTRL LMB): SkyLight (SkyLight)
[2015.06.11-09.43.15:737][869]LogEditorViewport: Clicking on Actor (CTRL LMB): PostProcessVolume (ExteriorPostProcess)
[2015.06.11-09.43.24:514][808]LogEditorViewport: Clicking on Actor (LMB): BP_Sky_Sphere_C (Sky Sphere)
[2015.06.11-09.43.24:825][834]Cmd: OBJ SAVEPACKAGE PACKAGE="/Game/Maps/Experiments" FILE="../../../../../../Users/Admin/Documents/Unreal Projects/agdgRTS/Content/Maps/Experiments.umap" SILENT=true AUTOSAVING=false KEEPDIRTY=false
[2015.06.11-09.43.24:861][834]LogSavePackage: Save=17.399063ms
[2015.06.11-09.43.24:861][834]LogSavePackage: Moving '../../../../../../Users/Admin/Documents/Unreal Projects/agdgRTS/Saved/Experiments2A976CF04FA51D32586C8094484523E4.tmp' to '../../../../../../Users/Admin/Documents/Unreal Projects/agdgRTS/Content/Maps/Experiments.umap'
[2015.06.11-09.43.24:887][834]LogFileHelpers: Saving map 'Experiments' took 0.098
[2015.06.11-09.43.27:631][134]LogEditorViewport: Clicking on Actor (LMB): PostProcessVolume (ExteriorPostProcess)
[2015.06.11-09.44.26:364][707]LogSlate:Warning: Prevented a slow task dialog from being summoned while a context menu was open
[2015.06.11-09.44.28:682][707]LogMaterial: Missing cached shader map for material M_GlassRed, compiling. 
[2015.06.11-09.45.15:175][502]LogSlate:Warning: Prevented a slow task dialog from being summoned while a context menu was open
[2015.06.11-09.45.18:478][829]Cmd: QUIT_EDITOR
[2015.06.11-09.45.18:720][829]LogExit: Preparing to exit.
[2015.06.11-09.45.19:137][829]LogExit: Editor shut down
[2015.06.11-09.45.19:137][829]LogExit: Transaction tracking system shut down
[2015.06.11-09.45.19:138][829]LogParticles: Destroying 0 GPU particle simulations for FXSystem 0x000000002377F2E0
[2015.06.11-09.45.19:139][829]LogParticles: Destroying 0 GPU particle simulations for FXSystem 0x000000002365E020
[2015.06.11-09.45.19:139][829]LogParticles: Destroying 0 GPU particle simulations for FXSystem 0x0000000020107380
[2015.06.11-09.45.19:139][829]LogParticles: Destroying 0 GPU particle simulations for FXSystem 0x000000000E3D1800
[2015.06.11-09.45.19:252][829]LogExit: Object subsystem successfully closed.
[2015.06.11-09.45.19:319][829]LogModuleManager: Shutting down and abandoning module ExternalImagePicker (189)
[2015.06.11-09.45.19:319][829]LogModuleManager: Shutting down and abandoning module CrashTracker (188)
[2015.06.11-09.45.19:319][829]LogModuleManager: Shutting down and abandoning module SceneOutliner (187)
[2015.06.11-09.45.19:319][829]LogModuleManager: Shutting down and abandoning module SuperSearch (186)
[2015.06.11-09.45.19:319][829]LogModuleManager: Shutting down and abandoning module WidgetCarousel (185)
[2015.06.11-09.45.19:319][829]LogModuleManager: Shutting down and abandoning module AddContentDialog (184)
[2015.06.11-09.45.19:319][829]LogModuleManager: Shutting down and abandoning module EditorWidgets (183)
[2015.06.11-09.45.19:319][829]LogModuleManager: Shutting down and abandoning module CollectionManager (182)
[2015.06.11-09.45.19:319][829]LogModuleManager: Shutting down and abandoning module StatsViewer (181)
[2015.06.11-09.45.19:319][829]LogModuleManager: Shutting down and abandoning module FoliageEdit (180)
[2015.06.11-09.45.19:319][829]LogModuleManager: Shutting down and abandoning module LandscapeEditor (179)
[2015.06.11-09.45.19:319][829]LogModuleManager: Shutting down and abandoning module ActorPickerMode (178)
[2015.06.11-09.45.19:319][829]LogModuleManager: Shutting down and abandoning module GeometryMode (177)
[2015.06.11-09.45.19:319][829]LogModuleManager: Shutting down and abandoning module TextureAlignMode (176)
[2015.06.11-09.45.19:319][829]LogModuleManager: Shutting down and abandoning module BspMode (175)
[2015.06.11-09.45.19:319][829]LogModuleManager: Shutting down and abandoning module PlacementMode (174)
[2015.06.11-09.45.19:319][829]LogModuleManager: Shutting down and abandoning module AutomationWorker (173)
[2015.06.11-09.45.19:320][829]LogModuleManager: Shutting down and abandoning module CharacterAI (172)
[2015.06.11-09.45.19:320][829]LogModuleManager: Shutting down and abandoning module SmartSnapping (171)
[2015.06.11-09.45.19:320][829]LogModuleManager: Shutting down and abandoning module ViewportSnapping (170)
[2015.06.11-09.45.19:320][829]LogModuleManager: Shutting down and abandoning module LogVisualizer (169)
[2015.06.11-09.45.19:320][829]LogModuleManager: Shutting down and abandoning module GameProjectGeneration (168)
[2015.06.11-09.45.19:320][829]LogModuleManager: Shutting down and abandoning module IntroTutorials (167)
[2015.06.11-09.45.19:320][829]LogModuleManager: Shutting down and abandoning module EditorLiveStreaming (166)
[2015.06.11-09.45.19:320][829]LogModuleManager: Shutting down and abandoning module IOSPlatformEditor (165)
[2015.06.11-09.45.19:320][829]LogModuleManager: Shutting down and abandoning module HTML5PlatformEditor (164)
[2015.06.11-09.45.19:320][829]LogModuleManager: Shutting down and abandoning module AndroidDeviceDetection (163)
[2015.06.11-09.45.19:531][829]LogModuleManager: Shutting down and abandoning module AndroidPlatformEditor (162)
[2015.06.11-09.45.19:531][829]LogModuleManager: Shutting down and abandoning module IOSRuntimeSettings (161)
[2015.06.11-09.45.19:531][829]LogModuleManager: Shutting down and abandoning module AndroidRuntimeSettings (160)
[2015.06.11-09.45.19:531][829]LogModuleManager: Shutting down and abandoning module MergeActors (159)
[2015.06.11-09.45.19:531][829]LogModuleManager: Shutting down and abandoning module SizeMap (158)
[2015.06.11-09.45.19:531][829]LogModuleManager: Shutting down and abandoning module TreeMap (157)
[2015.06.11-09.45.19:531][829]LogModuleManager: Shutting down and abandoning module ReferenceViewer (156)
[2015.06.11-09.45.19:531][829]LogModuleManager: Shutting down and abandoning module LocalizationDashboard (155)
[2015.06.11-09.45.19:531][829]LogModuleManager: Shutting down and abandoning module HardwareTargeting (154)
[2015.06.11-09.45.19:531][829]LogModuleManager: Shutting down and abandoning module DeviceProfileEditor (153)
[2015.06.11-09.45.19:531][829]LogModuleManager: Shutting down and abandoning module UndoHistory (152)
[2015.06.11-09.45.19:531][829]LogModuleManager: Shutting down and abandoning module GameplayTagsEditor (151)
[2015.06.11-09.45.19:531][829]LogModuleManager: Shutting down and abandoning module UserFeedback (150)
[2015.06.11-09.45.19:531][829]LogModuleManager: Shutting down and abandoning module XmlParser (149)
[2015.06.11-09.45.19:531][829]LogModuleManager: Shutting down and abandoning module Blutility (148)
[2015.06.11-09.45.19:531][829]LogModuleManager: Shutting down and abandoning module ProjectTargetPlatformEditor (147)
[2015.06.11-09.45.19:531][829]LogModuleManager: Shutting down and abandoning module ProjectSettingsViewer (146)
[2015.06.11-09.45.19:531][829]LogModuleManager: Shutting down and abandoning module InputBindingEditor (145)
[2015.06.11-09.45.19:531][829]LogModuleManager: Shutting down and abandoning module EditorSettingsViewer (144)
[2015.06.11-09.45.19:531][829]LogModuleManager: Shutting down and abandoning module SettingsEditor (143)
[2015.06.11-09.45.19:531][829]LogModuleManager: Shutting down and abandoning module ProjectLauncher (142)
[2015.06.11-09.45.19:531][829]LogModuleManager: Shutting down and abandoning module SessionFrontend (141)
[2015.06.11-09.45.19:531][829]LogModuleManager: Shutting down and abandoning module ProfilerClient (140)
[2015.06.11-09.45.19:531][829]LogModuleManager: Shutting down and abandoning module TargetDeviceServices (139)
[2015.06.11-09.45.19:531][829]LogModuleManager: Shutting down and abandoning module DeviceManager (138)
[2015.06.11-09.45.19:531][829]LogModuleManager: Shutting down and abandoning module AutomationController (137)
[2015.06.11-09.45.19:531][829]LogModuleManager: Shutting down and abandoning module AutomationWindow (136)
[2015.06.11-09.45.19:531][829]LogModuleManager: Shutting down and abandoning module Layers (135)
[2015.06.11-09.45.19:531][829]LogModuleManager: Shutting down and abandoning module ComponentVisualizers (134)
[2015.06.11-09.45.19:531][829]LogModuleManager: Shutting down and abandoning module DetailCustomizations (133)
[2015.06.11-09.45.19:531][829]LogModuleManager: Shutting down and abandoning module PackagesDialog (132)
[2015.06.11-09.45.19:531][829]LogModuleManager: Shutting down and abandoning module AssetRegistry (131)
[2015.06.11-09.45.19:603][829]LogModuleManager: Shutting down and abandoning module Persona (130)
[2015.06.11-09.45.19:603][829]LogModuleManager: Shutting down and abandoning module Kismet (129)
[2015.06.11-09.45.19:603][829]LogModuleManager: Shutting down and abandoning module GraphEditor (128)
[2015.06.11-09.45.19:603][829]LogModuleManager: Shutting down and abandoning module ClassViewer (127)
[2015.06.11-09.45.19:604][829]LogModuleManager: Shutting down and abandoning module Toolbox (126)
[2015.06.11-09.45.19:604][829]LogModuleManager: Shutting down and abandoning module ModuleUI (125)
[2015.06.11-09.45.19:604][829]LogModuleManager: Shutting down and abandoning module MovieSceneTools (124)
[2015.06.11-09.45.19:604][829]LogModuleManager: Shutting down and abandoning module OutputLog (123)
[2015.06.11-09.45.19:604][829]LogModuleManager: Shutting down and abandoning module GammaUI (122)
[2015.06.11-09.45.19:604][829]LogModuleManager: Shutting down and abandoning module Documentation (121)
[2015.06.11-09.45.19:604][829]LogModuleManager: Shutting down and abandoning module GameLiveStreaming (120)
[2015.06.11-09.45.19:604][829]LogModuleManager: Shutting down and abandoning module StreamingPauseRendering (119)
[2015.06.11-09.45.19:604][829]LogModuleManager: Shutting down and abandoning module AnalyticsET (118)
[2015.06.11-09.45.19:604][829]LogModuleManager: Shutting down and abandoning module Analytics (117)
[2015.06.11-09.45.19:604][829]LogModuleManager: Shutting down and abandoning module AITestSuite (116)
[2015.06.11-09.45.19:604][829]LogModuleManager: Shutting down and abandoning module GameplayDebugger (115)
[2015.06.11-09.45.19:604][829]LogModuleManager: Shutting down and abandoning module AIModule (114)
[2015.06.11-09.45.19:604][829]LogModuleManager: Shutting down and abandoning module ProfilerService (113)
[2015.06.11-09.45.19:755][829]LogModuleManager: Shutting down and abandoning module TaskGraph (112)
[2015.06.11-09.45.19:755][829]LogModuleManager: Shutting down and abandoning module SlateRemote (111)
[2015.06.11-09.45.19:755][829]LogModuleManager: Shutting down and abandoning module SteamVRController (110)
[2015.06.11-09.45.19:755][829]LogModuleManager: Shutting down and abandoning module SteamVR (109)
[2015.06.11-09.45.19:755][829]LogModuleManager: Shutting down and abandoning module ProceduralMeshComponent (108)
[2015.06.11-09.45.19:755][829]LogModuleManager: Shutting down and abandoning module OculusRift (107)
[2015.06.11-09.45.19:755][829]LogModuleManager: Shutting down and abandoning module LeapMotionController (106)
[2015.06.11-09.45.19:762][829]LogModuleManager: Shutting down and abandoning module CustomMeshComponent (105)
[2015.06.11-09.45.19:762][829]LogModuleManager: Shutting down and abandoning module CableComponent (104)
[2015.06.11-09.45.19:762][829]LogModuleManager: Shutting down and abandoning module MessagingDebugger (103)
[2015.06.11-09.45.19:762][829]LogModuleManager: Shutting down and abandoning module MediaPlayerEditor (102)
[2015.06.11-09.45.19:762][829]LogModuleManager: Shutting down and abandoning module SpeedTreeImporter (101)
[2015.06.11-09.45.19:762][829]LogModuleManager: Shutting down and abandoning module PluginBrowser (100)
[2015.06.11-09.45.19:762][829]LogModuleManager: Shutting down and abandoning module EpicSurvey (99)
[2015.06.11-09.45.19:762][829]LogModuleManager: Shutting down and abandoning module DesktopPlatform (98)
[2015.06.11-09.45.19:762][829]LogModuleManager: Shutting down and abandoning module VisualStudioSourceCodeAccess (97)
[2015.06.11-09.45.19:762][829]LogModuleManager: Shutting down and abandoning module UObjectPlugin (96)
[2015.06.11-09.45.19:762][829]LogModuleManager: Shutting down and abandoning module SubversionSourceControl (95)
[2015.06.11-09.45.19:762][829]LogModuleManager: Shutting down and abandoning module PerforceSourceControl (94)
[2015.06.11-09.45.19:762][829]LogModuleManager: Shutting down and abandoning module SourceControl (93)
[2015.06.11-09.45.19:762][829]LogModuleManager: Shutting down and abandoning module GitSourceControl (92)
[2015.06.11-09.45.19:762][829]LogModuleManager: Shutting down and abandoning module BlankPlugin (91)
[2015.06.11-09.45.19:763][829]LogModuleManager: Shutting down and abandoning module PaperTiledImporter (90)
[2015.06.11-09.45.19:763][829]LogModuleManager: Shutting down and abandoning module PaperSpriteSheetImporter (89)
[2015.06.11-09.45.19:763][829]LogModuleManager: Shutting down and abandoning module MeshPaint (88)
[2015.06.11-09.45.19:763][829]LogModuleManager: Shutting down and abandoning module SlateReflector (87)
[2015.06.11-09.45.19:763][829]LogModuleManager: Shutting down and abandoning module DirectoryWatcher (86)
[2015.06.11-09.45.19:763][829]LogModuleManager: Shutting down and abandoning module HotReload (85)
[2015.06.11-09.45.19:763][829]LogModuleManager: Shutting down and abandoning module MainFrame (84)
[2015.06.11-09.45.19:763][829]LogModuleManager: Shutting down and abandoning module LevelEditor (83)
[2015.06.11-09.45.19:764][829]LogModuleManager: Shutting down and abandoning module ContentBrowser (82)
[2015.06.11-09.45.19:764][829]LogModuleManager: Shutting down and abandoning module Paper2DEditor (81)
[2015.06.11-09.45.19:764][829]LogModuleManager: Shutting down and abandoning module UdpMessaging (80)
[2015.06.11-09.45.19:864][829]LogModuleManager: Shutting down and abandoning module Paper2D (79)
[2015.06.11-09.45.19:864][829]LogModuleManager: Shutting down and abandoning module WindowsMoviePlayer (78)
[2015.06.11-09.45.19:866][829]LogModuleManager: Shutting down and abandoning module Media (77)
[2015.06.11-09.45.19:866][829]LogModuleManager: Shutting down and abandoning module WmfMedia (76)
[2015.06.11-09.45.19:866][829]LogModuleManager: Shutting down and abandoning module OnlineBlueprintSupport (75)
[2015.06.11-09.45.19:866][829]LogModuleManager: Shutting down and abandoning module PropertyEditor (74)
[2015.06.11-09.45.19:866][829]LogModuleManager: Shutting down and abandoning module BehaviorTreeEditor (73)
[2015.06.11-09.45.19:866][829]LogModuleManager: Shutting down and abandoning module FunctionalTesting (72)
[2015.06.11-09.45.19:866][829]LogModuleManager: Shutting down and abandoning module CollisionAnalyzer (71)
[2015.06.11-09.45.19:866][829]LogModuleManager: Shutting down and abandoning module WorkspaceMenuStructure (70)
[2015.06.11-09.45.19:866][829]LogModuleManager: Shutting down and abandoning module MessageLog (69)
[2015.06.11-09.45.19:866][829]LogModuleManager: Shutting down and abandoning module Sequencer (68)
[2015.06.11-09.45.19:867][829]LogModuleManager: Shutting down and abandoning module AssetTools (67)
[2015.06.11-09.45.19:867][829]LogModuleManager: Shutting down and abandoning module UMGEditor (66)
[2015.06.11-09.45.19:867][829]LogModuleManager: Shutting down and abandoning module UMG (65)
[2015.06.11-09.45.19:867][829]LogModuleManager: Shutting down and abandoning module Slate (64)
[2015.06.11-09.45.19:867][829]LogModuleManager: Shutting down and abandoning module EditorStyle (63)
[2015.06.11-09.45.19:869][829]LogModuleManager: Shutting down and abandoning module SessionServices (62)
[2015.06.11-09.45.19:869][829]LogModuleManager: Shutting down and abandoning module SourceCodeAccess (61)
[2015.06.11-09.45.19:869][829]LogModuleManager: Shutting down and abandoning module HeadMountedDisplay (60)
[2015.06.11-09.45.19:869][829]LogModuleManager: Shutting down and abandoning module XAudio2 (59)
[2015.06.11-09.45.19:869][829]LogModuleManager: Shutting down and abandoning module Networking (57)
[2015.06.11-09.45.19:869][829]LogModuleManager: Shutting down and abandoning module Core (56)
[2015.06.11-09.45.19:869][829]LogModuleManager: Shutting down and abandoning module KismetCompiler (55)
[2015.06.11-09.45.19:869][829]LogModuleManager: Shutting down and abandoning module PhysXFormats (54)
[2015.06.11-09.45.19:869][829]LogModuleManager: Shutting down and abandoning module MeshUtilities (53)
[2015.06.11-09.45.19:869][829]LogModuleManager: Shutting down and abandoning module DerivedDataCache (52)
[2015.06.11-09.45.19:951][829]LogDerivedDataCache: Shutdown
[2015.06.11-09.45.19:951][829]LogModuleManager: Shutting down and abandoning module ShaderFormatOpenGL (51)
[2015.06.11-09.45.19:951][829]LogModuleManager: Shutting down and abandoning module ShaderFormatD3D (50)
[2015.06.11-09.45.19:951][829]LogModuleManager: Shutting down and abandoning module MetalShaderFormat (49)
[2015.06.11-09.45.19:951][829]LogModuleManager: Shutting down and abandoning module TextureFormatUncompressed (48)
[2015.06.11-09.45.19:951][829]LogModuleManager: Shutting down and abandoning module TextureFormatPVR (47)
[2015.06.11-09.45.19:951][829]LogModuleManager: Shutting down and abandoning module TextureFormatIntelISPCTexComp (46)
[2015.06.11-09.45.19:951][829]LogModuleManager: Shutting down and abandoning module TextureFormatDXT (45)
[2015.06.11-09.45.19:951][829]LogModuleManager: Shutting down and abandoning module ImageWrapper (44)
[2015.06.11-09.45.19:951][829]LogModuleManager: Shutting down and abandoning module TextureFormatASTC (43)
[2015.06.11-09.45.19:951][829]LogModuleManager: Shutting down and abandoning module TextureFormatAndroid (42)
[2015.06.11-09.45.19:951][829]LogModuleManager: Shutting down and abandoning module AudioFormatOpus (41)
[2015.06.11-09.45.19:951][829]LogModuleManager: Shutting down and abandoning module AudioFormatOgg (40)
[2015.06.11-09.45.19:951][829]LogModuleManager: Shutting down and abandoning module AudioFormatADPCM (39)
[2015.06.11-09.45.19:951][829]LogModuleManager: Shutting down and abandoning module LinuxTargetPlatform (38)
[2015.06.11-09.45.19:951][829]LogModuleManager: Shutting down and abandoning module LinuxServerTargetPlatform (37)
[2015.06.11-09.45.19:951][829]LogModuleManager: Shutting down and abandoning module LinuxNoEditorTargetPlatform (36)
[2015.06.11-09.45.19:951][829]LogModuleManager: Shutting down and abandoning module Messaging (35)
[2015.06.11-09.45.19:951][829]LogModuleManager: Shutting down and abandoning module IOSTargetPlatform (34)
[2015.06.11-09.45.19:951][829]LogModuleManager: Shutting down and abandoning module HTML5TargetPlatform (33)
[2015.06.11-09.45.19:951][829]LogModuleManager: Shutting down and abandoning module Android_PVRTCTargetPlatform (32)
[2015.06.11-09.45.19:951][829]LogModuleManager: Shutting down and abandoning module Android_ETC2TargetPlatform (31)
[2015.06.11-09.45.19:951][829]LogModuleManager: Shutting down and abandoning module Android_ETC1TargetPlatform (30)
[2015.06.11-09.45.19:951][829]LogModuleManager: Shutting down and abandoning module Android_DXTTargetPlatform (29)
[2015.06.11-09.45.19:951][829]LogModuleManager: Shutting down and abandoning module Android_ATCTargetPlatform (28)
[2015.06.11-09.45.19:951][829]LogModuleManager: Shutting down and abandoning module Android_ASTCTargetPlatform (27)
[2015.06.11-09.45.19:951][829]LogModuleManager: Shutting down and abandoning module AndroidTargetPlatform (26)
[2015.06.11-09.45.19:951][829]LogModuleManager: Shutting down and abandoning module WindowsTargetPlatform (25)
[2015.06.11-09.45.19:951][829]LogModuleManager: Shutting down and abandoning module WindowsServerTargetPlatform (24)
[2015.06.11-09.45.19:951][829]LogModuleManager: Shutting down and abandoning module WindowsNoEditorTargetPlatform (23)
[2015.06.11-09.45.19:951][829]LogModuleManager: Shutting down and abandoning module WindowsClientTargetPlatform (22)
[2015.06.11-09.45.19:951][829]LogModuleManager: Shutting down and abandoning module DesktopTargetPlatform (21)
[2015.06.11-09.45.19:951][829]LogModuleManager: Shutting down and abandoning module TargetPlatform (20)
[2015.06.11-09.45.19:951][829]LogModuleManager: Shutting down and abandoning module InputCore (19)
[2015.06.11-09.45.19:951][829]LogModuleManager: Shutting down and abandoning module Settings (18)
[2015.06.11-09.45.19:951][829]LogModuleManager: Shutting down and abandoning module OnlineSubsystem (16)
[2015.06.11-09.45.19:951][829]LogModuleManager: Shutting down and abandoning module HTTP (15)
[2015.06.11-09.45.19:951][829]LogModuleManager: Shutting down and abandoning module ExampleDeviceProfileSelector (14)
[2015.06.11-09.45.19:951][829]LogModuleManager: Shutting down and abandoning module TextureCompressor (13)
[2015.06.11-09.45.19:951][829]LogModuleManager: Shutting down and abandoning module ShaderCore (12)
[2015.06.11-09.45.19:951][829]LogModuleManager: Shutting down and abandoning module Landscape (11)
[2015.06.11-09.45.19:951][829]LogModuleManager: Shutting down and abandoning module SlateRHIRenderer (10)
[2015.06.11-09.45.19:953][829]LogModuleManager: Shutting down and abandoning module OpenGLDrv (9)
[2015.06.11-09.45.19:953][829]LogModuleManager: Shutting down and abandoning module D3D11RHI (8)
[2015.06.11-09.45.19:953][829]LogModuleManager: Shutting down and abandoning module Renderer (7)
[2015.06.11-09.45.19:953][829]LogModuleManager: Shutting down and abandoning module Engine (6)
[2015.06.11-09.45.19:953][829]LogModuleManager: Shutting down and abandoning module CoreUObject (5)
[2015.06.11-09.45.19:953][829]LogModuleManager: Shutting down and abandoning module NetworkFile (4)
[2015.06.11-09.45.19:953][829]LogModuleManager: Shutting down and abandoning module StreamingFile (3)
[2015.06.11-09.45.19:953][829]LogModuleManager: Shutting down and abandoning module SandboxFile (2)
[2015.06.11-09.45.19:953][829]LogModuleManager: Shutting down and abandoning module PakFile (1)
[2015.06.11-09.45.19:954][829]LogExit: Exiting.
[2015.06.11-09.45.19:966][829]Log file closed, 06/11/15 11:45:19
