[2015.06.11-09.57.35:514][  0]Log file open, 06/11/15 11:57:35
[2015.06.11-09.57.35:514][  0]LogInit:Display: Running engine for game: agdgRTS
[2015.06.11-09.57.35:514][  0]LogInit:Display: RandInit(-1276365890) SRandInit(-1276365889).
[2015.06.11-09.57.35:514][  0]LogTaskGraph: Started task graph with 4 named threads and 7 total threads.
[2015.06.11-09.57.35:514][  0]LogStats: Stats thread started
[2015.06.11-09.57.35:514][  0]LogInit: Version: 4.8.0-2579680+++depot+UE4-Releases+4.8
[2015.06.11-09.57.35:514][  0]LogInit: API Version: 2579680
[2015.06.11-09.57.35:514][  0]LogInit: Compiled (64-bit): Jun  8 2015 03:34:53
[2015.06.11-09.57.35:514][  0]LogInit: Compiled with Visual C++: 18.00.21005.01
[2015.06.11-09.57.35:514][  0]LogInit: Build Configuration: Development
[2015.06.11-09.57.35:514][  0]LogInit: Branch Name: ++depot+UE4-Releases+4.8
[2015.06.11-09.57.35:514][  0]LogInit: Command line:  
[2015.06.11-09.57.35:514][  0]LogInit: Base directory: C:/Program Files/Unreal Engine/4.8/Engine/Binaries/Win64/
[2015.06.11-09.57.35:514][  0]LogInit: Rocket: 1
[2015.06.11-09.57.35:526][  0]LogInit: Using libcurl 7.41.0
[2015.06.11-09.57.35:526][  0]LogInit:  - built for x86_64-pc-win32
[2015.06.11-09.57.35:526][  0]LogInit:  - supports SSL with WinSSL
[2015.06.11-09.57.35:526][  0]LogInit:  - other features:
[2015.06.11-09.57.35:526][  0]LogInit:      CURL_VERSION_SSL
[2015.06.11-09.57.35:526][  0]LogInit:      CURL_VERSION_IPV6
[2015.06.11-09.57.35:526][  0]LogInit:      CURL_VERSION_ASYNCHDNS
[2015.06.11-09.57.35:526][  0]LogInit:      CURL_VERSION_LARGEFILE
[2015.06.11-09.57.35:526][  0]LogInit:      CURL_VERSION_IDN
[2015.06.11-09.57.35:526][  0]LogInit:  CurlRequestOptions (configurable via config and command line):
[2015.06.11-09.57.35:526][  0]LogInit:  - bVerifyPeer = true  - Libcurl will verify peer certificate
[2015.06.11-09.57.35:526][  0]LogInit:  - bUseHttpProxy = false  - Libcurl will NOT use HTTP proxy
[2015.06.11-09.57.35:526][  0]LogInit:  - bDontReuseConnections = false  - Libcurl will reuse connections
[2015.06.11-09.57.35:526][  0]LogInit:  - CertBundlePath = nullptr  - Libcurl will use whatever was configured at build time.
[2015.06.11-09.57.35:536][  0]LogOnline:Warning: No default platform service specified for OnlineSubsystem
[2015.06.11-09.57.35:549][  0]LogInit: Presizing for 0 objects not considered by GC, pre-allocating 0 bytes.
[2015.06.11-09.57.35:556][  0]LogInit: Object subsystem initialized
[2015.06.11-09.57.35:557][  0]LogConsoleResponse:Warning: Skipping Unknown console variable: 'TranslucentSortAxis = (X=0.000000,Y=-1.000000,Z=0.000000)'
[2015.06.11-09.57.35:557][  0]LogConsoleResponse:Warning:   Found in ini file 'C:/Users/Admin/Documents/Unreal Projects/agdgRTS/Saved/Config/Windows/Engine.ini', in section '[/Script/Engine.RendererSettings]'
[2015.06.11-09.57.35:557][  0]LogConsoleResponse:Warning: Skipping Unknown console variable: 'UIScaleRule = ShortestSide'
[2015.06.11-09.57.35:557][  0]LogConsoleResponse:Warning:   Found in ini file 'C:/Users/Admin/Documents/Unreal Projects/agdgRTS/Saved/Config/Windows/Engine.ini', in section '[/Script/Engine.RendererSettings]'
[2015.06.11-09.57.35:557][  0]LogConsoleResponse:Warning: Skipping Unknown console variable: 'UIScaleCurve = (EditorCurveData=(Keys=),ExternalCurve=None)'
[2015.06.11-09.57.35:557][  0]LogConsoleResponse:Warning:   Found in ini file 'C:/Users/Admin/Documents/Unreal Projects/agdgRTS/Saved/Config/Windows/Engine.ini', in section '[/Script/Engine.RendererSettings]'
[2015.06.11-09.57.35:557][  0]LogInit: Selected Device Profile: [Windows]
[2015.06.11-09.57.35:557][  0]LogInit: Applying CVar settings loaded from the selected device profile: [Windows]
[2015.06.11-09.57.35:566][  0]LogInit: Computer: ADMIN-PC
[2015.06.11-09.57.35:566][  0]LogInit: User: Admin
[2015.06.11-09.57.35:566][  0]LogInit: CPU Page size=4096, Cores=4
[2015.06.11-09.57.35:566][  0]LogInit: High frequency timer resolution =3.312822 MHz
[2015.06.11-09.57.35:566][  0]LogMemory: Memory total: Physical=7.9GB (8GB approx)
[2015.06.11-09.57.35:566][  0]LogMemory: Platform Memory Stats for Windows
[2015.06.11-09.57.35:566][  0]LogMemory: Process Physical Memory: 49.41 MB used, 49.41 MB peak
[2015.06.11-09.57.35:566][  0]LogMemory: Process Virtual Memory: 22.40 MB used, 23.24 MB peak
[2015.06.11-09.57.35:566][  0]LogMemory: Physical Memory: 3682.35 MB used, 8139.27 MB total
[2015.06.11-09.57.35:566][  0]LogMemory: Virtual Memory: 278.92 MB used, 8388608.00 MB total
[2015.06.11-09.57.35:599][  0]LogTextLocalizationManager: The requested culture ('en_GB') has no localization data; parent culture's ('en') localization data will be used.
[2015.06.11-09.57.35:793][  0]LogTextLocalizationManager:Warning: Loaded localization resources contain conflicting entries for (Namespace:ContentBrowser, Key:ImportAssetToolTip):
Localization Resource: (C:/Program Files/Unreal Engine/4.8/Engine/Content/Localization/Editor/en/Editor.locres) Source String Hash: (-630476809) Localized String: (Import to {0}...)
Localization Resource: (C:/Program Files/Unreal Engine/4.8/Engine/Content/Localization/Editor/en/Editor.locres) Source String Hash: (1271782899) Localized String: (Imports an asset from file to this folder.)
[2015.06.11-09.57.36:204][  0]LogD3D11RHI: Found D3D11 adapter 0: NVIDIA GeForce GTX 660   (Feature Level 11_0)
[2015.06.11-09.57.36:204][  0]LogD3D11RHI: Adapter has 1990MB of dedicated video memory, 0MB of dedicated system memory, and 2048MB of shared system memory, 1 output[s]
[2015.06.11-09.57.36:204][  0]LogD3D11RHI: Chosen D3D11 Adapter Id = 0
[2015.06.11-09.57.36:208][  0]LogRHI: Texture pool is 1361 MB (70% of 1945 MB)
[2015.06.11-09.57.36:214][  0]LogD3D11RHI: Async texture creation enabled
[2015.06.11-09.57.36:227][  0]LogShaderCompilers:Display: Using Local Shader Compiler.
[2015.06.11-09.57.37:093][  0]LogTemp:Display: Loaded TP DesktopTargetPlatform
[2015.06.11-09.57.37:105][  0]LogTemp:Display: Loaded TP WindowsClientTargetPlatform
[2015.06.11-09.57.37:118][  0]LogTemp:Display: Loaded TP WindowsNoEditorTargetPlatform
[2015.06.11-09.57.37:130][  0]LogTemp:Display: Loaded TP WindowsServerTargetPlatform
[2015.06.11-09.57.37:145][  0]LogTemp:Display: Loaded TP WindowsTargetPlatform
[2015.06.11-09.57.37:156][  0]LogTemp:Display: Loaded TP AndroidTargetPlatform
[2015.06.11-09.57.37:167][  0]LogTemp:Display: Loaded TP Android_ASTCTargetPlatform
[2015.06.11-09.57.37:178][  0]LogTemp:Display: Loaded TP Android_ATCTargetPlatform
[2015.06.11-09.57.37:190][  0]LogTemp:Display: Loaded TP Android_DXTTargetPlatform
[2015.06.11-09.57.37:202][  0]LogTemp:Display: Loaded TP Android_ETC1TargetPlatform
[2015.06.11-09.57.37:214][  0]LogTemp:Display: Loaded TP Android_ETC2TargetPlatform
[2015.06.11-09.57.37:226][  0]LogTemp:Display: Loaded TP Android_PVRTCTargetPlatform
[2015.06.11-09.57.37:269][  0]LogTemp:Display: Loaded TP IOSTargetPlatform
[2015.06.11-09.57.37:280][  0]LogTemp:Display: Loaded TP LinuxNoEditorTargetPlatform
[2015.06.11-09.57.37:291][  0]LogTemp:Display: Loaded TP LinuxServerTargetPlatform
[2015.06.11-09.57.37:305][  0]LogTemp:Display: Loaded TP LinuxTargetPlatform
[2015.06.11-09.57.37:305][  0]LogTargetPlatformManager:Display: Building Assets For Windows
[2015.06.11-09.57.37:488][  0]LogDerivedDataCache:Display: Max Cache Size: 512 MB
[2015.06.11-09.57.37:543][  0]LogDerivedDataCache: Loaded boot cache 0.05s 53MB C:/Users/Admin/AppData/Local/UnrealEngine/4.8/DerivedDataCache/Boot.ddc.
[2015.06.11-09.57.37:543][  0]LogDerivedDataCache:Display: Loaded Boot cache: C:/Users/Admin/AppData/Local/UnrealEngine/4.8/DerivedDataCache/Boot.ddc
[2015.06.11-09.57.37:543][  0]LogDerivedDataCache: FDerivedDataBackendGraph:  Pak pak cache file ../../../../../../Users/Admin/Documents/Unreal Projects/agdgRTS/DerivedDataCache/DDC.ddp not found, will not use a pak cache.
[2015.06.11-09.57.37:543][  0]LogDerivedDataCache: Unable to find inner node Pak for hierarchical cache Hierarchy.
[2015.06.11-09.57.37:543][  0]LogDerivedDataCache: FDerivedDataBackendGraph:  CompressedPak pak cache file ../../../../../../Users/Admin/Documents/Unreal Projects/agdgRTS/DerivedDataCache/Compressed.ddp not found, will not use a pak cache.
[2015.06.11-09.57.37:543][  0]LogDerivedDataCache: Unable to find inner node CompressedPak for hierarchical cache Hierarchy.
[2015.06.11-09.57.37:702][  0]LogDerivedDataCache:Display: Pak cache opened for reading ../../../Engine/DerivedDataCache/Compressed.ddp.
[2015.06.11-09.57.37:713][  0]LogDerivedDataCache: Using Local data cache path C:/Users/Admin/AppData/Local/UnrealEngine/Common/DerivedDataCache: Writable
[2015.06.11-09.57.37:929][  0]LogInit: Selected Device Profile: [Windows]
[2015.06.11-09.57.37:937][  0]ImportText (ComponentSweepMultiTests): Missing closing parenthesis: (RootShapeAsset="/Engine/BasicShapes/Cube.Cube",ShapeType="TriggerCapsule",HitResult=(Time=0.50,Location=(X=-100.000015,Y=0.0,Z=100.000015),ImpactPoint=(X=-50.0,Y=0.0,Z=50.0),Normal=(X=-1.0,Y=-0.0,Z=0.0),ImpactNormal=(X=0.0,Y=0.0,Z=1.0),TraceStart=(X=-200.0,Y=0.0,Z=200.0),TraceEnd=(X=0.0,Y=0.0,Z=0.0))
[2015.06.11-09.57.37:937][  0]ImportText (LineTraceSingleByChannelTests): Missing closing parenthesis: (RootShapeAsset="/Engine/BasicShapes/Cube.Cube",HitResult=(Time=0.50,Location=(X=-100.000015,Y=0.0,Z=100.000015),ImpactPoint=(X=-50.0,Y=0.0,Z=50.0),Normal=(X=-1.0,Y=-0.0,Z=0.0),ImpactNormal=(X=0.0,Y=0.0,Z=1.0),TraceStart=(X=-200.0,Y=0.0,Z=200.0),TraceEnd=(X=0.0,Y=0.0,Z=0.0))
[2015.06.11-09.57.37:961][  0]LogMeshUtilities: No automatic mesh reduction module available
[2015.06.11-09.57.37:961][  0]LogMeshUtilities: No automatic mesh merging module available
[2015.06.11-09.57.38:329][  0]LogInit: WinSock: version 1.1 (2.2), MaxSocks=32767, MaxUdp=65467
[2015.06.11-09.57.39:213][  0]UdpMessaging: Initializing bridge on interface 0.0.0.0:0 to multicast group 230.0.0.1:6666.
[2015.06.11-09.57.39:532][  0]SourceControl: Info Source control is disabled
[2015.06.11-09.57.39:537][  0]SourceControl: Info Source control is disabled
[2015.06.11-09.57.39:546][  0]SourceControl: Info Source control is disabled
[2015.06.11-09.57.39:554][  0]SourceControl: Info Source control is disabled
[2015.06.11-09.57.39:765][  0]LogObj: 26273 objects as part of root set at end of initial load.
[2015.06.11-09.57.39:765][  0]LogUObjectAllocator: 5409248 out of 0 bytes used by permanent object pool.
[2015.06.11-09.57.39:829][  0]LogEngine: Initializing Engine...
[2015.06.11-09.57.39:831][  0]LogHMD: Can't find Oculus library dev build: is proper Runtime installed? Version: 0.6.0.0
[2015.06.11-09.57.39:837][  0]LogHMD:Warning: SteamVR failed to initialize.  Error: 108
[2015.06.11-09.57.39:980][  0]LogAIModule: Creating AISystem for world NewWorld
[2015.06.11-09.57.39:985][  0]LogInit: XAudio2 using 'Speakers (6- Logitech G35 Headset)' : 8 channels at 44.1 kHz using 16 bits per sample (channel mask 0x63f)
[2015.06.11-09.57.39:993][  0]LogInit: FAudioDevice initialized.
[2015.06.11-09.57.40:017][  0]LogDerivedDataCache: Saved boot cache 0.02s 53MB C:/Users/Admin/AppData/Local/UnrealEngine/4.8/DerivedDataCache/Boot.ddc.
[2015.06.11-09.57.40:022][  0]LogInit: Texture streaming: Disabled
[2015.06.11-09.57.40:042][  0]LogAnalytics: Creating configured Analytics provider AnalyticsET
[2015.06.11-09.57.40:042][  0]LogAnalytics: [UEEditor.Rocket.Release] APIServer = http://et2.epicgames.com/ET2/. AppVersion = 4.8.0-2579680+++depot+UE4-Releases+4.8
[2015.06.11-09.57.40:042][  0]LogAnalytics: [UEEditor.Rocket.Release] SetUserId 45e8c21744eb95767a37edaaf578a055|6e6540727fb34f4f876b0e52d0daf29d|4af4e7ee-cbb8-43ef-b682-c083a089eca5
[2015.06.11-09.57.40:042][  0]LogAnalytics: [UEEditor.Rocket.Release] AnalyticsET::StartSession
[2015.06.11-09.57.40:064][  0]LogInit: Transaction tracking system initialized
[2015.06.11-09.57.40:175][  0]BlueprintLog: New page: Editor Load
[2015.06.11-09.57.40:206][  0]LogAssetRegistry: FAssetRegistry took 0.0098 seconds to start up
[2015.06.11-09.57.40:206][  0]LogDirectoryWatcher:Warning: Failed to begin reading directory changes for ../../../Engine/Plugins/Experimental/CharacterAI/Content/. Error: 0
[2015.06.11-09.57.40:845][  0]LogConsoleManager:Warning: Console variable 'r.VSync' wasn't set ('GameSetting' has a lower priority than 'SystemSettingsIni')
[2015.06.11-09.57.40:845][  0]LogConsoleResponse:Display: 
[2015.06.11-09.57.40:929][  0]LogCook:Display: Done creating registry. It took  0.00s.
[2015.06.11-09.57.41:089][  0]SourceControl: Info Source control is disabled
[2015.06.11-09.57.41:089][  0]Cmd: MAP LOAD FILE="../../../../../../Users/Admin/Documents/Unreal Projects/agdgRTS/Content/Maps/Experiments.umap" TEMPLATE=0 SHOWPROGRESS=1 FEATURELEVEL=3
[2015.06.11-09.57.41:089][  0]LightingResults: New page: Lighting Build
[2015.06.11-09.57.41:100][  0]MapCheck: New page: Map Check
[2015.06.11-09.57.41:100][  0]LightingResults: New page: Lighting Build
[2015.06.11-09.57.41:107][  0]LogParticles: Destroying 0 GPU particle simulations for FXSystem 0x000000001A9389A0
[2015.06.11-09.57.41:486][  0]LogAIModule: Creating AISystem for world Experiments
[2015.06.11-09.57.41:491][  0]LogEditorServer: Finished looking for orphan Actors (0.000 secs)
[2015.06.11-09.57.41:493][  0]Cmd: MAP CHECKDEP NOCLEARLOG
[2015.06.11-09.57.41:524][  0]MapCheck: Info Map check complete: 0 Error(s), 0 Warning(s), took 31.665ms to complete.
[2015.06.11-09.57.41:524][  0]LogFileHelpers: Loading map 'Experiments' took 0.436
[2015.06.11-09.57.41:586][  0]LogCollectionManager: Loaded 0 collections in 0.001693 seconds
[2015.06.11-09.57.41:592][  0]LogContentBrowser: Native class hierarchy populated in 0.0060 seconds. Added 1792 classes and 301 folders.
[2015.06.11-09.57.41:628][  0]LogContentBrowser: Native class hierarchy updated for 'WidgetCarousel' in 0.0004 seconds. Added 0 classes and 0 folders.
[2015.06.11-09.57.41:651][  0]LogContentBrowser: Native class hierarchy updated for 'AddContentDialog' in 0.0003 seconds. Added 0 classes and 0 folders.
[2015.06.11-09.57.41:696][  0]LogContentBrowser: Native class hierarchy updated for 'SceneOutliner' in 0.0003 seconds. Added 1 classes and 2 folders.
[2015.06.11-09.57.41:744][  0]LogCrashTracker: Crashtracker disabled due to settings.
[2015.06.11-09.57.41:748][  0]LogUObjectGlobals:Warning: Failed to find object 'Class None.'
[2015.06.11-09.57.41:769][  0]LogLoad: Full Startup: 7.85 seconds (BP compile: 0.17 seconds)
[2015.06.11-09.57.41:836][  0]LogContentStreaming: Texture pool size is 0.000000MB
[2015.06.11-09.57.41:856][  0]LogContentStreaming: Texture pool size now 700 MB
[2015.06.11-09.57.41:975][  0]LogRenderer: Reallocating scene render targets to support 1120x928 (Frame:2).
[2015.06.11-09.57.42:207][  6]LogAssetRegistry: Asset discovery search completed in 2.0112 seconds
[2015.06.11-09.58.02:923][397]LogRenderer: Reallocating scene render targets to support 1392x928 (Frame:2196).
[2015.06.11-09.58.24:686][  7]Cmd: OBJ SAVEPACKAGE PACKAGE="/Game/Developers/Quark/M_DevGrid_Orange" FILE="../../../../../../Users/Admin/Documents/Unreal Projects/agdgRTS/Content/Developers/Quark/M_DevGrid_Orange.uasset" SILENT=true
[2015.06.11-09.58.24:701][  7]LogSavePackage: Save=12.960854ms
[2015.06.11-09.58.24:701][  7]LogSavePackage: Moving '../../../../../../Users/Admin/Documents/Unreal Projects/agdgRTS/Saved/M_DevGrid_OrangeA872AB8843FF1CC70AFBD58C2CA247B0.tmp' to '../../../../../../Users/Admin/Documents/Unreal Projects/agdgRTS/Content/Developers/Quark/M_DevGrid_Orange.uasset'
[2015.06.11-09.58.51:888][341]Cmd: OBJ SAVEPACKAGE PACKAGE="/Game/Developers/Quark/M_DevGrid_Gray" FILE="../../../../../../Users/Admin/Documents/Unreal Projects/agdgRTS/Content/Developers/Quark/M_DevGrid_Gray.uasset" SILENT=true
[2015.06.11-09.58.51:902][341]LogSavePackage: Save=12.044112ms
[2015.06.11-09.58.51:902][341]LogSavePackage: Moving '../../../../../../Users/Admin/Documents/Unreal Projects/agdgRTS/Saved/M_DevGrid_Gray6A5A9A394B1C2B4CA1B1DEA84B6F15F8.tmp' to '../../../../../../Users/Admin/Documents/Unreal Projects/agdgRTS/Content/Developers/Quark/M_DevGrid_Gray.uasset'
[2015.06.11-09.59.16:009][547]Cmd: OBJ SAVEPACKAGE PACKAGE="/Game/Developers/Quark/M_DevGrid_Blue" FILE="../../../../../../Users/Admin/Documents/Unreal Projects/agdgRTS/Content/Developers/Quark/M_DevGrid_Blue.uasset" SILENT=true
[2015.06.11-09.59.16:022][547]LogSavePackage: Save=12.045923ms
[2015.06.11-09.59.16:022][547]LogSavePackage: Moving '../../../../../../Users/Admin/Documents/Unreal Projects/agdgRTS/Saved/M_DevGrid_BlueF69248D44A54783308C11690BAA33B0A.tmp' to '../../../../../../Users/Admin/Documents/Unreal Projects/agdgRTS/Content/Developers/Quark/M_DevGrid_Blue.uasset'
[2015.06.11-09.59.28:711][738]Cmd: TRANSACTION UNDO
[2015.06.11-09.59.28:711][738]LogEditorTransaction: Undo Create Actors
[2015.06.11-09.59.28:866][738]LogActorComponent: ~FComponentReregisterContext: (/Game/Maps/Experiments.Experiments:PersistentLevel.ModelComponent_4) Component already registered.
[2015.06.11-09.59.47:761][889]Cmd: TRANSACTION UNDO
[2015.06.11-09.59.47:761][889]LogEditorTransaction: Undo Create Actors
[2015.06.11-09.59.47:905][889]LogActorComponent: ~FComponentReregisterContext: (/Game/Maps/Experiments.Experiments:PersistentLevel.ModelComponent_4) Component already registered.
[2015.06.11-10.00.18:724][897]LogMaterial: Missing cached shader map for material TestMat, compiling. 
[2015.06.11-10.00.18:829][897]LogMaterial: Missing cached shader map for material TestMat, compiling. 
[2015.06.11-10.00.18:834][897]LogMaterial: 0.000101 seconds spent updating 1 materials, 1 interfaces, 0 instances, 0 with static permutations.
[2015.06.11-10.00.20:327][ 18]MaterialEditorStats: Info Base pass shader with only dynamic lighting: 31 instructions
[2015.06.11-10.00.20:327][ 18]MaterialEditorStats: Info Vertex shader: 31 instructions
[2015.06.11-10.00.20:327][ 18]MaterialEditorStats: Info Texture samplers: 0/16
[2015.06.11-10.00.24:142][375]LogMaterial: Missing cached shader map for material TestMat, compiling. 
[2015.06.11-10.00.24:148][375]LogMaterial: 0.000139 seconds spent updating 1 materials, 1 interfaces, 0 instances, 0 with static permutations.
[2015.06.11-10.00.25:114][455]MaterialEditorStats: Info Base pass shader with only dynamic lighting: 31 instructions
[2015.06.11-10.00.25:114][455]MaterialEditorStats: Info Vertex shader: 31 instructions
[2015.06.11-10.00.25:114][455]MaterialEditorStats: Info Texture samplers: 0/16
[2015.06.11-10.00.26:748][615]LogMaterial: Missing cached shader map for material TestMat, compiling. 
[2015.06.11-10.00.26:759][615]LogMaterial: 0.000113 seconds spent updating 1 materials, 1 interfaces, 0 instances, 0 with static permutations.
[2015.06.11-10.00.27:782][703]MaterialEditorStats: Info Base pass shader with only dynamic lighting: 31 instructions
[2015.06.11-10.00.27:782][703]MaterialEditorStats: Info Vertex shader: 31 instructions
[2015.06.11-10.00.27:782][703]MaterialEditorStats: Info Texture samplers: 0/16
[2015.06.11-10.00.31:022][999]LogMaterial: Missing cached shader map for material TestMat, compiling. 
[2015.06.11-10.00.31:027][999]LogMaterial: 0.000057 seconds spent updating 1 materials, 1 interfaces, 0 instances, 0 with static permutations.
[2015.06.11-10.00.31:084][999]LogMaterial: Missing cached shader map for material FMatExpressionPreview MaterialExpressionTextureSample_0, compiling. 
[2015.06.11-10.00.32:061][ 81]MaterialEditorStats: Info Base pass shader with only dynamic lighting: 31 instructions
[2015.06.11-10.00.32:061][ 81]MaterialEditorStats: Info Vertex shader: 31 instructions
[2015.06.11-10.00.32:061][ 81]MaterialEditorStats: Info Texture samplers: 0/16
[2015.06.11-10.00.36:608][542]LogTexture:Display: Building textures: Ground6 (AutoDXT)
[2015.06.11-10.00.37:609][542]LogMaterial: Missing cached shader map for material TestMat, compiling. 
[2015.06.11-10.00.37:617][542]LogMaterial: 0.000062 seconds spent updating 1 materials, 1 interfaces, 0 instances, 0 with static permutations.
[2015.06.11-10.00.37:727][542]LogMaterial: Missing cached shader map for material FMatExpressionPreview MaterialExpressionTextureSample_0, compiling. 
[2015.06.11-10.00.38:602][616]MaterialEditorStats: Info Base pass shader with only dynamic lighting: 31 instructions
[2015.06.11-10.00.38:602][616]MaterialEditorStats: Info Vertex shader: 31 instructions
[2015.06.11-10.00.38:602][616]MaterialEditorStats: Info Texture samplers: 0/16
[2015.06.11-10.00.40:283][799]LogMaterial: Missing cached shader map for material TestMat, compiling. 
[2015.06.11-10.00.40:288][799]LogMaterial: 0.000086 seconds spent updating 1 materials, 1 interfaces, 0 instances, 0 with static permutations.
[2015.06.11-10.00.40:316][799]LogMaterial: Missing cached shader map for material FMatExpressionPreview MaterialExpressionTextureSample_0, compiling. 
[2015.06.11-10.00.41:311][867]MaterialEditorStats: Info Base pass shader with only dynamic lighting: 32 instructions
[2015.06.11-10.00.41:311][867]MaterialEditorStats: Info Vertex shader: 33 instructions
[2015.06.11-10.00.41:311][867]MaterialEditorStats: Info Texture samplers: 1/16
[2015.06.11-10.00.46:314][334]LogMaterial: Missing cached shader map for material TestMat, compiling. 
[2015.06.11-10.00.46:326][334]LogMaterial: 0.000144 seconds spent updating 1 materials, 1 interfaces, 0 instances, 0 with static permutations.
[2015.06.11-10.00.46:365][334]LogMaterial: Missing cached shader map for material FMatExpressionPreview MaterialExpressionTextureSample_2, compiling. 
[2015.06.11-10.00.46:368][334]LogMaterial: Missing cached shader map for material FMatExpressionPreview MaterialExpressionTextureSample_3, compiling. 
[2015.06.11-10.00.47:193][386]MaterialEditorStats: Info Base pass shader with only dynamic lighting: 32 instructions
[2015.06.11-10.00.47:193][386]MaterialEditorStats: Info Vertex shader: 33 instructions
[2015.06.11-10.00.47:193][386]MaterialEditorStats: Info Texture samplers: 1/16
[2015.06.11-10.00.48:192][493]LogMaterial: Missing cached shader map for material TestMat, compiling. 
[2015.06.11-10.00.48:197][493]LogMaterial: 0.000077 seconds spent updating 1 materials, 1 interfaces, 0 instances, 0 with static permutations.
[2015.06.11-10.00.48:246][493]LogMaterial: Missing cached shader map for material FMatExpressionPreview MaterialExpressionTextureSample_3, compiling. 
[2015.06.11-10.00.49:154][555]MaterialEditorStats: Info Base pass shader with only dynamic lighting: 41 instructions
[2015.06.11-10.00.49:155][555]MaterialEditorStats: Info Vertex shader: 33 instructions
[2015.06.11-10.00.49:155][555]MaterialEditorStats: Info Texture samplers: 1/16
[2015.06.11-10.00.49:790][604]LogTexture:Display: Building textures: Ground6_nmp (BC5)
[2015.06.11-10.00.49:962][604]LogMaterial: Missing cached shader map for material TestMat, compiling. 
[2015.06.11-10.00.49:973][604]LogMaterial: 0.000099 seconds spent updating 1 materials, 1 interfaces, 0 instances, 0 with static permutations.
[2015.06.11-10.00.50:113][604]LogMaterial: Missing cached shader map for material FMatExpressionPreview MaterialExpressionTextureSample_3, compiling. 
[2015.06.11-10.00.50:913][668]MaterialEditorStats: Info Base pass shader with only dynamic lighting: 47 instructions
[2015.06.11-10.00.50:913][668]MaterialEditorStats: Info Vertex shader: 33 instructions
[2015.06.11-10.00.50:913][668]MaterialEditorStats: Info Texture samplers: 2/16
[2015.06.11-10.00.59:690][463]LogMaterialEditor: Saving and Compiling material TestMat
[2015.06.11-10.01.00:072][463]LogMaterial: Missing cached shader map for material TestMat, compiling. 
[2015.06.11-10.01.00:093][463]LogMaterial: 0.000095 seconds spent updating 1 materials, 1 interfaces, 0 instances, 0 with static permutations.
[2015.06.11-10.01.00:160][463]LogMaterial: Missing cached shader map for material TestMat, compiling. 
[2015.06.11-10.01.00:179][463]LogMaterial: Missing cached shader map for material TestMat, compiling. 
[2015.06.11-10.01.00:186][463]LogMaterial: 0.000399 seconds spent updating 1 materials, 1 interfaces, 0 instances, 0 with static permutations.
[2015.06.11-10.01.01:809][463]Cmd: OBJ SAVEPACKAGE PACKAGE="/Game/Developers/Quark/TestMat" FILE="../../../../../../Users/Admin/Documents/Unreal Projects/agdgRTS/Content/Developers/Quark/TestMat.uasset" SILENT=true
[2015.06.11-10.01.01:824][463]LogSavePackage: Save=13.927099ms
[2015.06.11-10.01.01:824][463]LogSavePackage: Moving '../../../../../../Users/Admin/Documents/Unreal Projects/agdgRTS/Saved/TestMatCA2AFF5644876C3BB8150A8B37A347D9.tmp' to '../../../../../../Users/Admin/Documents/Unreal Projects/agdgRTS/Content/Developers/Quark/TestMat.uasset'
[2015.06.11-10.01.01:829][463]MaterialEditorStats: Info Base pass shader with only dynamic lighting: 69 instructions
[2015.06.11-10.01.01:829][463]MaterialEditorStats: Info Vertex shader: 33 instructions
[2015.06.11-10.01.01:830][463]MaterialEditorStats: Info Texture samplers: 5/16
[2015.06.11-10.01.10:712][360]LogParticles: Destroying 0 GPU particle simulations for FXSystem 0x000000000C7D0CC0
[2015.06.11-10.01.10:712][360]LogParticles: Destroying 0 GPU particle simulations for FXSystem 0x0000000020E09440
[2015.06.11-10.01.10:712][360]LogParticles: Destroying 0 GPU particle simulations for FXSystem 0x000000001DD60F40
[2015.06.11-10.01.10:712][360]LogParticles: Destroying 0 GPU particle simulations for FXSystem 0x000000001DD62160
[2015.06.11-10.01.21:676][372]LogSavePackage: Save=12.363175ms
[2015.06.11-10.01.21:676][372]LogSavePackage: Moving '../../../../../../Users/Admin/Documents/Unreal Projects/agdgRTS/Saved/M_DevGrid_Blue59237DEE426620C9786569A194D85BBB.tmp' to '../../../../../../Users/Admin/Documents/Unreal Projects/agdgRTS/Content/Developers/Quark/Materials/M_DevGrid_Blue.uasset'
[2015.06.11-10.01.21:711][372]LogSavePackage: Save=12.220397ms
[2015.06.11-10.01.21:711][372]LogSavePackage: Moving '../../../../../../Users/Admin/Documents/Unreal Projects/agdgRTS/Saved/M_DevGrid_Gray9D527FA9444BCAF83F11FC895A70410A.tmp' to '../../../../../../Users/Admin/Documents/Unreal Projects/agdgRTS/Content/Developers/Quark/Materials/M_DevGrid_Gray.uasset'
[2015.06.11-10.01.21:746][372]LogSavePackage: Save=13.079785ms
[2015.06.11-10.01.21:746][372]LogSavePackage: Moving '../../../../../../Users/Admin/Documents/Unreal Projects/agdgRTS/Saved/M_DevGrid_Orange71BD222E4B1E0B61E7D6598B7ADC2893.tmp' to '../../../../../../Users/Admin/Documents/Unreal Projects/agdgRTS/Content/Developers/Quark/Materials/M_DevGrid_Orange.uasset'
[2015.06.11-10.01.21:784][372]LogSavePackage: Save=14.424258ms
[2015.06.11-10.01.21:784][372]LogSavePackage: Moving '../../../../../../Users/Admin/Documents/Unreal Projects/agdgRTS/Saved/M_GridMasterDE1781004435711A465351809C749106.tmp' to '../../../../../../Users/Admin/Documents/Unreal Projects/agdgRTS/Content/Developers/Quark/Materials/M_GridMaster.uasset'
[2015.06.11-10.01.27:592][ 38]Cmd: OBJ SAVEPACKAGE PACKAGE="/Game/Developers/Quark/Textures/T_grid" FILE="../../../../../../Users/Admin/Documents/Unreal Projects/agdgRTS/Content/Developers/Quark/Textures/T_grid.uasset" SILENT=true
[2015.06.11-10.01.27:602][ 38]LogSavePackage: Save=8.567318ms
[2015.06.11-10.01.27:602][ 38]LogSavePackage: Moving '../../../../../../Users/Admin/Documents/Unreal Projects/agdgRTS/Saved/T_grid5B13EACD4E7DB8B6646FA4AE09E47A9A.tmp' to '../../../../../../Users/Admin/Documents/Unreal Projects/agdgRTS/Content/Developers/Quark/Textures/T_grid.uasset'
[2015.06.11-10.01.27:736][ 38]LogSavePackage: Save=21.501608ms
[2015.06.11-10.01.27:736][ 38]LogSavePackage: Moving '../../../../../../Users/Admin/Documents/Unreal Projects/agdgRTS/Saved/M_GridMasterCF1CCD734ABE00807FEAFBAB6932D45A.tmp' to '../../../../../../Users/Admin/Documents/Unreal Projects/agdgRTS/Content/Developers/Quark/Materials/M_GridMaster.uasset'
[2015.06.11-10.02.30:577][ 47]Cmd: BRUSH ADD SELECTNEWBRUSH
[2015.06.11-10.02.41:459][255]LogEditorViewport: Clicking on Actor (LMB): Brush (Box Brush2)
[2015.06.11-10.02.46:508][824]LogEditorViewport: Clicking on Actor (CTRL LMB): Brush (Box Brush)
[2015.06.11-10.02.55:880][853]LogEditorViewport: Clicking on Actor (LMB): Brush (Box Brush2)
[2015.06.11-10.03.19:468][385]LogEditorViewport: Clicking on Actor (LMB): BP_Sky_Sphere_C (Sky Sphere)
[2015.06.11-10.03.23:600][840]LogPlayLevel: PIE:  No blueprints needed recompiling
[2015.06.11-10.03.23:602][840]PIE: New page: PIE session: Experiments (11 Jun 2015 14:03:23)
[2015.06.11-10.03.23:602][840]LogPlayLevel: Creating play world package: /Game/Maps/UEDPIE_0_Experiments
[2015.06.11-10.03.23:605][840]LogPlayLevel: PIE: StaticDuplicateObject took: (0.003405s)
[2015.06.11-10.03.23:606][840]LogAIModule: Creating AISystem for world Experiments
[2015.06.11-10.03.23:606][840]LogPlayLevel: PIE: World Init took: (0.000977s)
[2015.06.11-10.03.23:607][840]LogPlayLevel: PIE: Created PIE world by copying editor world from /Game/Maps/Experiments.Experiments to /Game/Maps/UEDPIE_0_Experiments.Experiments (0.004571s)
[2015.06.11-10.03.23:627][840]LogInit: XAudio2 using 'Speakers (6- Logitech G35 Headset)' : 8 channels at 44.1 kHz using 16 bits per sample (channel mask 0x63f)
[2015.06.11-10.03.23:632][840]LogInit: FAudioDevice initialized.
[2015.06.11-10.03.24:920][840]LogWorld: Game class is 'RTSGameMode_C'
[2015.06.11-10.03.24:924][840]LogWorld: Bringing World /Game/Maps/UEDPIE_0_Experiments.Experiments up for play (max tick rate 0) at 2015.06.11-12.03.24
[2015.06.11-10.03.24:924][840]LogActor:Warning: GameSession /Game/Maps/UEDPIE_0_Experiments.Experiments:PersistentLevel.GameSession_0 has natively added scene component(s), but none of them were set as the actor's RootComponent - picking one arbitrarily
[2015.06.11-10.03.24:925][840]LogActor:Warning: GameNetworkManager /Game/Maps/UEDPIE_0_Experiments.Experiments:PersistentLevel.GameNetworkManager_0 has natively added scene component(s), but none of them were set as the actor's RootComponent - picking one arbitrarily
[2015.06.11-10.03.24:925][840]LogWorld: Bringing up level for play took: 0.002293
[2015.06.11-10.03.24:928][840]PIE: Info Play in editor start time for /Game/Maps/UEDPIE_0_Experiments 1.301
[2015.06.11-10.03.57:720][734]LogParticles: Destroying 0 GPU particle simulations for FXSystem 0x000000000EA285E0
[2015.06.11-10.04.09:652][551]LogEditorViewport: Clicking Background
[2015.06.11-10.04.09:903][581]LogEditorViewport: Clicking on Actor (LMB): Brush (Box Brush2)
[2015.06.11-10.04.21:752][839]LogEditorViewport: Clicking on Actor (LMB): BP_Sky_Sphere_C (Sky Sphere)
[2015.06.11-10.04.23:154][985]LogEditorViewport: Clicking on Actor (LMB): BP_Sky_Sphere_C (Sky Sphere)
[2015.06.11-10.04.36:513][364]Cmd: POLY SELECT MATCHING BRUSH
[2015.06.11-10.04.42:848][ 64]LogEditorViewport: Clicking on Actor (LMB): BP_Sky_Sphere_C (Sky Sphere)
[2015.06.11-10.04.47:526][599]LogPlayLevel: PIE:  No blueprints needed recompiling
[2015.06.11-10.04.47:526][599]PIE: New page: PIE session: Experiments (11 Jun 2015 14:04:47)
[2015.06.11-10.04.47:527][599]LogPlayLevel: Creating play world package: /Game/Maps/UEDPIE_0_Experiments
[2015.06.11-10.04.47:530][599]LogPlayLevel: PIE: StaticDuplicateObject took: (0.003466s)
[2015.06.11-10.04.47:531][599]LogAIModule: Creating AISystem for world Experiments
[2015.06.11-10.04.47:531][599]LogPlayLevel: PIE: World Init took: (0.000940s)
[2015.06.11-10.04.47:531][599]LogPlayLevel: PIE: Created PIE world by copying editor world from /Game/Maps/Experiments.Experiments to /Game/Maps/UEDPIE_0_Experiments.Experiments (0.004567s)
[2015.06.11-10.04.47:553][599]LogInit: XAudio2 using 'Speakers (6- Logitech G35 Headset)' : 8 channels at 44.1 kHz using 16 bits per sample (channel mask 0x63f)
[2015.06.11-10.04.47:558][599]LogInit: FAudioDevice initialized.
[2015.06.11-10.04.47:591][599]LogWorld: Game class is 'RTSGameMode_C'
[2015.06.11-10.04.47:596][599]LogWorld: Bringing World /Game/Maps/UEDPIE_0_Experiments.Experiments up for play (max tick rate 0) at 2015.06.11-12.04.47
[2015.06.11-10.04.47:596][599]LogActor:Warning: GameSession /Game/Maps/UEDPIE_0_Experiments.Experiments:PersistentLevel.GameSession_1 has natively added scene component(s), but none of them were set as the actor's RootComponent - picking one arbitrarily
[2015.06.11-10.04.47:596][599]LogActor:Warning: GameNetworkManager /Game/Maps/UEDPIE_0_Experiments.Experiments:PersistentLevel.GameNetworkManager_1 has natively added scene component(s), but none of them were set as the actor's RootComponent - picking one arbitrarily
[2015.06.11-10.04.47:596][599]LogWorld: Bringing up level for play took: 0.002417
[2015.06.11-10.04.47:616][599]PIE: Info Play in editor start time for /Game/Maps/UEDPIE_0_Experiments 0.071
[2015.06.11-10.04.50:800][956]LogParticles: Destroying 0 GPU particle simulations for FXSystem 0x000000001AC2B740
[2015.06.11-10.04.52:207][121]LogEditorViewport: Clicking on Actor (LMB): BP_Sky_Sphere_C (Sky Sphere)
[2015.06.11-10.04.55:724][499]LogEditorViewport: Clicking on Actor (LMB): Brush (Box Brush2)
[2015.06.11-10.05.45:955][ 59]LogEditorViewport: Clicking on Actor (LMB): Brush (Box Brush3)
[2015.06.11-10.05.51:580][627]LogEditorViewport: Clicking on Actor (LMB): Brush (Box Brush4)
[2015.06.11-10.06.08:465][408]LogEditorViewport: Clicking on Actor (LMB): Brush (Box Brush4)
[2015.06.11-10.06.19:719][341]LogEditorViewport: Clicking on Actor (LMB): Brush (Box Brush3)
[2015.06.11-10.06.19:719][341]LogGeometryMode:Warning: Unable to find BoxBrush3 Brush(s) in new BSP
[2015.06.11-10.06.19:719][341]LogGeometryMode:Warning: Unable to find all previously selected geometry data, resetting selection
[2015.06.11-10.06.24:180][821]LogEditorViewport: Clicking Background
[2015.06.11-10.06.37:546][351]Cmd: OBJ SAVEPACKAGE PACKAGE="/Game/Maps/Experiments" FILE="../../../../../../Users/Admin/Documents/Unreal Projects/agdgRTS/Content/Maps/Experiments.umap" SILENT=true AUTOSAVING=false KEEPDIRTY=false
[2015.06.11-10.06.37:590][351]LogSavePackage: Save=20.837824ms
[2015.06.11-10.06.37:590][351]LogSavePackage: Moving '../../../../../../Users/Admin/Documents/Unreal Projects/agdgRTS/Saved/Experiments102177EA4CE40F1411A2E0BE325A2CA6.tmp' to '../../../../../../Users/Admin/Documents/Unreal Projects/agdgRTS/Content/Maps/Experiments.umap'
[2015.06.11-10.06.37:619][351]LogFileHelpers: Saving map 'Experiments' took 0.114
[2015.06.11-10.06.53:786][263]LogEditorViewport: Clicking on Actor (LMB): BP_Sky_Sphere_C (Sky Sphere)
[2015.06.11-10.07.01:402][984]LogEditorViewport: Clicking on Actor (LMB): BP_Sky_Sphere_C (Sky Sphere)
[2015.06.11-10.07.17:936][644]LogGeometryMode:Warning: Unable to find BoxBrush5 Brush(s) in new BSP
[2015.06.11-10.07.17:936][644]LogGeometryMode:Warning: Unable to find all previously selected geometry data, resetting selection
[2015.06.11-10.07.25:108][350]LogGeometryMode:Warning: Unable to find BoxBrush4 Brush(s) in new BSP
[2015.06.11-10.07.25:108][350]LogGeometryMode:Warning: Unable to find all previously selected geometry data, resetting selection
[2015.06.11-10.07.31:173][979]LogGeometryMode:Warning: Unable to find BoxBrush2 Brush(s) in new BSP
[2015.06.11-10.07.31:173][979]LogGeometryMode:Warning: Unable to find all previously selected geometry data, resetting selection
[2015.06.11-10.07.39:952][910]LogEditorViewport: Clicking on Actor (LMB): BP_Sky_Sphere_C (Sky Sphere)
[2015.06.11-10.07.47:484][797]Cmd: OBJ SAVEPACKAGE PACKAGE="/Game/Maps/Experiments" FILE="../../../../../../Users/Admin/Documents/Unreal Projects/agdgRTS/Content/Maps/Experiments.umap" SILENT=true AUTOSAVING=false KEEPDIRTY=false
[2015.06.11-10.07.47:536][797]LogSavePackage: Save=34.322098ms
[2015.06.11-10.07.47:536][797]LogSavePackage: Moving '../../../../../../Users/Admin/Documents/Unreal Projects/agdgRTS/Saved/ExperimentsEA7F84824E3345E86D73EFB656E3FD1D.tmp' to '../../../../../../Users/Admin/Documents/Unreal Projects/agdgRTS/Content/Maps/Experiments.umap'
[2015.06.11-10.07.47:573][797]LogFileHelpers: Saving map 'Experiments' took 0.128
[2015.06.11-10.07.51:457][205]LogEditorViewport: Clicking on Actor (LMB): BP_Sky_Sphere_C (Sky Sphere)
[2015.06.11-10.07.58:566][ 43]MapCheck: New page: Map Check
[2015.06.11-10.07.58:580][ 43]Cmd: MAP REBUILD ALLVISIBLE
[2015.06.11-10.07.58:580][ 43]LogEditorServer: Rebuildmap Clear paths rebuilt
[2015.06.11-10.07.58:985][ 43]LogEditorServer: Cleared 4 NULL BSP materials after rebuild.
[2015.06.11-10.07.59:036][ 43]LightingResults: New page: Lighting Build - 11 Jun 2015 14:07:59
[2015.06.11-10.08.17:612][ 43]LogStaticLightingSystem:Warning: No importance volume found, so the scene bounding box was used.  You can optimize your scene's quality and lighting build times by adding importance volumes.
[2015.06.11-10.08.17:633][ 43]LogStaticLightingSystem: Running Lightmass w/ ImmediateImport mode ENABLED
[2015.06.11-10.08.17:645][ 43]LogStaticLightingSystem: Running Lightmass w/ ImmediateProcess mode ENABLED
[2015.06.11-10.08.17:645][ 43]LogStaticLightingSystem: Running Lightmass w/ Sorting mode ENABLED
[2015.06.11-10.08.17:645][ 43]LogStaticLightingSystem: Running Lightmass w/ Mapping paddings ENABLED
[2015.06.11-10.08.17:645][ 43]LogStaticLightingSystem: Running Lightmass w/ Mapping debug paddings DISABLED
[2015.06.11-10.08.18:398][ 43]LogEditorBuildUtils: Build time 0:00:19
[2015.06.11-10.08.18:443][ 43]LogMaterial: Missing cached shader map for material FLightmassMaterialRenderer MaterialInstanceDynamic_57, compiling. 
[2015.06.11-10.08.18:460][ 43]LogMaterial: Missing cached shader map for material FLightmassMaterialRenderer MaterialInstanceDynamic_57, compiling. 
[2015.06.11-10.08.18:633][ 45]LogMaterial: Missing cached shader map for material FLightmassMaterialRenderer M_DevGrid_Orange, compiling. 
[2015.06.11-10.08.18:637][ 45]LogMaterial: Missing cached shader map for material FLightmassMaterialRenderer M_DevGrid_Orange, compiling. 
[2015.06.11-10.08.22:986][ 58]Job is a success!
[2015.06.11-10.08.23:641][ 59]LogTexture:Display: Building textures: SkyOcclusion0_1 (AutoDXT)
[2015.06.11-10.08.23:696][ 59]LogTexture:Display: Building textures: LQ_Lightmap_1_2 (DXT1)
[2015.06.11-10.08.23:699][ 59]LogTexture:Display: Building textures: HQ_Lightmap1_2 (AutoDXT)
[2015.06.11-10.08.23:700][ 59]LogTexture:Display: Building textures: SkyOcclusion0_2 (AutoDXT)
[2015.06.11-10.08.23:702][ 59]LogTexture:Display: Building textures: LQ_Lightmap_0_1 (DXT1)
[2015.06.11-10.08.23:758][ 59]LogTexture:Display: Building textures: HQ_Lightmap0_1 (AutoDXT)
[2015.06.11-10.08.24:082][ 59]LogTexture:Display: Building textures: ShadowMapTexture2D_0 (BGRA8)
[2015.06.11-10.08.24:106][ 59]LogTexture:Display: Building textures: ShadowMapTexture2D_1 (BGRA8)
[2015.06.11-10.08.24:619][ 59]Lightmass on ADMIN-PC: 2.66 sec total, 141 ms importing, 0 ms setup, 213 ms photons, 2.21 sec processing, 0 ms extra exporting [13/13 mappings]. Threads: 8.82 sec total, 2.53 sec processing.
[2015.06.11-10.08.24:680][ 59]LogMaterial:Warning: Material /Game/Developers/Quark/Materials/M_GridMaster.M_GridMaster needed to have new flag set bUsedWithStaticLighting !
[2015.06.11-10.08.24:682][ 59]LogMaterial: Missing cached shader map for material M_GridMaster, compiling. 
[2015.06.11-10.08.24:709][ 59]LogMaterial: 0.000174 seconds spent updating 1 materials, 1 interfaces, 3 instances, 0 with static permutations.
[2015.06.11-10.08.24:946][ 59]LogStaticLightingSystem: Illumination: 25.5 sec (557 ms encoding lightmaps)
[2015.06.11-10.08.24:946][ 59]LogStaticLightingSystem: Lightmap texture memory:  1.3 MB (0.0 MB streaming, 1.3 MB non-streaming), 4 textures
[2015.06.11-10.08.24:946][ 59]LogStaticLightingSystem: Shadowmap texture memory: 2.7 MB (0.0 MB streaming, 2.7 MB non-streaming), 2 textures
[2015.06.11-10.08.31:601][ 60]Cmd: MAP CHECK NOTIFYRESULTS
[2015.06.11-10.08.31:602][ 60]MapCheck: New page: Experiments - 11 Jun 2015 14:08:31
[2015.06.11-10.08.31:660][ 60]MapCheck: Info Map check complete: 0 Error(s), 0 Warning(s), took 58.424ms to complete.
[2015.06.11-10.08.32:779][145]LogEditorViewport: Clicking on Actor (LMB): BP_Sky_Sphere_C (Sky Sphere)
[2015.06.11-10.08.52:072][295]LogEditorViewport: Clicking on Actor (LMB): LightmassImportanceVolume (LightmassImportanceVolume)
[2015.06.11-10.09.07:242][995]LogEditorViewport: Clicking Background
[2015.06.11-10.09.07:522][ 28]LogEditorViewport: Clicking on Actor (LMB): LightmassImportanceVolume (LightmassImportanceVolume)
[2015.06.11-10.09.41:242][795]LogEditorViewport: Clicking on Actor (LMB): BP_Sky_Sphere_C (Sky Sphere)
[2015.06.11-10.09.56:871][612]Cmd: OBJ SAVEPACKAGE PACKAGE="/Game/Maps/Experiments" FILE="../../../../../../Users/Admin/Documents/Unreal Projects/agdgRTS/Content/Maps/Experiments.umap" SILENT=true AUTOSAVING=false KEEPDIRTY=false
[2015.06.11-10.09.56:963][612]LogSavePackage: Save=73.383659ms
[2015.06.11-10.09.56:963][612]LogSavePackage: Moving '../../../../../../Users/Admin/Documents/Unreal Projects/agdgRTS/Saved/Experiments5F1940AD4736DBFEF9B707839EF51996.tmp' to '../../../../../../Users/Admin/Documents/Unreal Projects/agdgRTS/Content/Maps/Experiments.umap'
[2015.06.11-10.09.56:989][612]LogFileHelpers: Saving map 'Experiments' took 0.161
[2015.06.11-10.09.57:001][612]LogSavePackage: Save=3.226252ms
[2015.06.11-10.09.57:001][612]LogSavePackage: Moving '../../../../../../Users/Admin/Documents/Unreal Projects/agdgRTS/Saved/M_DevGrid_Orange765C22164079F4FA87E1C185802A9E70.tmp' to '../../../../../../Users/Admin/Documents/Unreal Projects/agdgRTS/Content/Developers/Quark/Materials/M_DevGrid_Orange.uasset'
[2015.06.11-10.09.57:018][612]LogSavePackage: Save=4.937181ms
[2015.06.11-10.09.57:018][612]LogSavePackage: Moving '../../../../../../Users/Admin/Documents/Unreal Projects/agdgRTS/Saved/M_GridMaster6BECC01A4FA1D325AE50C9B948CB8EFC.tmp' to '../../../../../../Users/Admin/Documents/Unreal Projects/agdgRTS/Content/Developers/Quark/Materials/M_GridMaster.uasset'
[2015.06.11-10.10.12:177][427]LogEditorViewport: Clicking on Actor (LMB): BP_Sky_Sphere_C (Sky Sphere)
[2015.06.11-10.10.17:735][ 57]MapCheck: New page: Map Check
[2015.06.11-10.10.17:750][ 57]Cmd: MAP REBUILD ALLVISIBLE
[2015.06.11-10.10.17:750][ 57]LogEditorServer: Rebuildmap Clear paths rebuilt
[2015.06.11-10.10.18:001][ 57]LightingResults: New page: Lighting Build - 11 Jun 2015 14:10:18
[2015.06.11-10.10.23:119][ 57]LogStaticLightingSystem: Running Lightmass w/ ImmediateImport mode ENABLED
[2015.06.11-10.10.23:119][ 57]LogStaticLightingSystem: Running Lightmass w/ ImmediateProcess mode ENABLED
[2015.06.11-10.10.23:119][ 57]LogStaticLightingSystem: Running Lightmass w/ Sorting mode ENABLED
[2015.06.11-10.10.23:119][ 57]LogStaticLightingSystem: Running Lightmass w/ Mapping paddings ENABLED
[2015.06.11-10.10.23:119][ 57]LogStaticLightingSystem: Running Lightmass w/ Mapping debug paddings DISABLED
[2015.06.11-10.10.23:227][ 57]LogEditorBuildUtils: Build time 0:00:05
[2015.06.11-10.10.25:653][ 65]Job is a success!
[2015.06.11-10.10.26:207][ 66]LogTexture:Display: Building textures: SkyOcclusion0_1 (AutoDXT)
[2015.06.11-10.10.26:278][ 66]LogTexture:Display: Building textures: LQ_Lightmap_0_2 (DXT1)
[2015.06.11-10.10.26:282][ 66]LogTexture:Display: Building textures: HQ_Lightmap0_2 (AutoDXT)
[2015.06.11-10.10.26:283][ 66]LogTexture:Display: Building textures: SkyOcclusion1_2 (AutoDXT)
[2015.06.11-10.10.26:286][ 66]LogTexture:Display: Building textures: LQ_Lightmap_0_1 (DXT1)
[2015.06.11-10.10.26:338][ 66]LogTexture:Display: Building textures: HQ_Lightmap0_1 (AutoDXT)
[2015.06.11-10.10.26:558][ 66]LogTexture:Display: Building textures: ShadowMapTexture2D_2 (BGRA8)
[2015.06.11-10.10.26:581][ 66]LogTexture:Display: Building textures: ShadowMapTexture2D_3 (BGRA8)
[2015.06.11-10.10.26:732][ 66]Lightmass on ADMIN-PC: 2.60 sec total, 122 ms importing, 0 ms setup, 222 ms photons, 2.23 sec processing, 0 ms extra exporting [13/13 mappings]. Threads: 8.92 sec total, 3.24 sec processing.
[2015.06.11-10.10.26:737][ 66]LogStaticLightingSystem: Illumination: 8.39 sec (461 ms encoding lightmaps)
[2015.06.11-10.10.26:737][ 66]LogStaticLightingSystem: Lightmap texture memory:  1.3 MB (0.0 MB streaming, 1.3 MB non-streaming), 4 textures
[2015.06.11-10.10.26:737][ 66]LogStaticLightingSystem: Shadowmap texture memory: 5.4 MB (0.0 MB streaming, 5.3 MB non-streaming), 4 textures
[2015.06.11-10.10.27:125][ 67]Cmd: MAP CHECK NOTIFYRESULTS
[2015.06.11-10.10.27:125][ 67]MapCheck: New page: Experiments - 11 Jun 2015 14:10:27
[2015.06.11-10.10.27:166][ 67]MapCheck: Info Map check complete: 0 Error(s), 0 Warning(s), took 41.135ms to complete.
[2015.06.11-10.11.24:573][847]LogPlayLevel: PIE:  No blueprints needed recompiling
[2015.06.11-10.11.24:573][847]PIE: New page: PIE session: Experiments (11 Jun 2015 14:11:24)
[2015.06.11-10.11.24:573][847]LogPlayLevel: Creating play world package: /Game/Maps/UEDPIE_0_Experiments
[2015.06.11-10.11.24:579][847]LogPlayLevel: PIE: StaticDuplicateObject took: (0.005330s)
[2015.06.11-10.11.24:579][847]LogAIModule: Creating AISystem for world Experiments
[2015.06.11-10.11.24:580][847]LogPlayLevel: PIE: World Init took: (0.001021s)
[2015.06.11-10.11.24:580][847]LogPlayLevel: PIE: Created PIE world by copying editor world from /Game/Maps/Experiments.Experiments to /Game/Maps/UEDPIE_0_Experiments.Experiments (0.006521s)
[2015.06.11-10.11.24:601][847]LogInit: XAudio2 using 'Speakers (6- Logitech G35 Headset)' : 8 channels at 44.1 kHz using 16 bits per sample (channel mask 0x63f)
[2015.06.11-10.11.24:607][847]LogInit: FAudioDevice initialized.
[2015.06.11-10.11.24:641][847]LogWorld: Game class is 'RTSGameMode_C'
[2015.06.11-10.11.24:645][847]LogWorld: Bringing World /Game/Maps/UEDPIE_0_Experiments.Experiments up for play (max tick rate 0) at 2015.06.11-12.11.24
[2015.06.11-10.11.24:645][847]LogActor:Warning: GameSession /Game/Maps/UEDPIE_0_Experiments.Experiments:PersistentLevel.GameSession_2 has natively added scene component(s), but none of them were set as the actor's RootComponent - picking one arbitrarily
[2015.06.11-10.11.24:645][847]LogActor:Warning: GameNetworkManager /Game/Maps/UEDPIE_0_Experiments.Experiments:PersistentLevel.GameNetworkManager_2 has natively added scene component(s), but none of them were set as the actor's RootComponent - picking one arbitrarily
[2015.06.11-10.11.24:646][847]LogWorld: Bringing up level for play took: 0.002872
[2015.06.11-10.11.24:649][847]PIE: Info Play in editor start time for /Game/Maps/UEDPIE_0_Experiments -0.507
[2015.06.11-10.11.25:930][979]LogParticles: Destroying 0 GPU particle simulations for FXSystem 0x0000000027265440
[2015.06.11-10.11.27:134][112]Cmd: OBJ SAVEPACKAGE PACKAGE="/Game/Maps/Experiments" FILE="../../../../../../Users/Admin/Documents/Unreal Projects/agdgRTS/Content/Maps/Experiments.umap" SILENT=true AUTOSAVING=false KEEPDIRTY=false
[2015.06.11-10.11.27:224][112]LogSavePackage: Save=75.319473ms
[2015.06.11-10.11.27:224][112]LogSavePackage: Moving '../../../../../../Users/Admin/Documents/Unreal Projects/agdgRTS/Saved/Experiments2E487EA84D0B82EFE47D29B4ADBF3278.tmp' to '../../../../../../Users/Admin/Documents/Unreal Projects/agdgRTS/Content/Maps/Experiments.umap'
[2015.06.11-10.11.27:251][112]LogFileHelpers: Saving map 'Experiments' took 0.159
[2015.06.11-10.11.55:368][404]Cmd: QUIT_EDITOR
[2015.06.11-10.11.55:615][404]LogExit: Preparing to exit.
[2015.06.11-10.11.56:316][404]LogExit: Editor shut down
[2015.06.11-10.11.56:317][404]LogExit: Transaction tracking system shut down
[2015.06.11-10.11.56:317][404]LogParticles: Destroying 0 GPU particle simulations for FXSystem 0x00000000108CAA20
[2015.06.11-10.11.56:318][404]LogParticles: Destroying 0 GPU particle simulations for FXSystem 0x000000001DB3CC20
[2015.06.11-10.11.56:318][404]LogParticles: Destroying 0 GPU particle simulations for FXSystem 0x0000000020E0A0C0
[2015.06.11-10.11.56:318][404]LogParticles: Destroying 0 GPU particle simulations for FXSystem 0x000000000CDE4220
[2015.06.11-10.11.56:426][404]LogExit: Object subsystem successfully closed.
[2015.06.11-10.11.56:498][404]LogModuleManager: Shutting down and abandoning module MaterialEditor (189)
[2015.06.11-10.11.56:498][404]LogModuleManager: Shutting down and abandoning module CrashTracker (188)
[2015.06.11-10.11.56:498][404]LogModuleManager: Shutting down and abandoning module SceneOutliner (187)
[2015.06.11-10.11.56:498][404]LogModuleManager: Shutting down and abandoning module SuperSearch (186)
[2015.06.11-10.11.56:498][404]LogModuleManager: Shutting down and abandoning module WidgetCarousel (185)
[2015.06.11-10.11.56:498][404]LogModuleManager: Shutting down and abandoning module AddContentDialog (184)
[2015.06.11-10.11.56:499][404]LogModuleManager: Shutting down and abandoning module EditorWidgets (183)
[2015.06.11-10.11.56:499][404]LogModuleManager: Shutting down and abandoning module CollectionManager (182)
[2015.06.11-10.11.56:499][404]LogModuleManager: Shutting down and abandoning module StatsViewer (181)
[2015.06.11-10.11.56:499][404]LogModuleManager: Shutting down and abandoning module FoliageEdit (180)
[2015.06.11-10.11.56:499][404]LogModuleManager: Shutting down and abandoning module LandscapeEditor (179)
[2015.06.11-10.11.56:499][404]LogModuleManager: Shutting down and abandoning module ActorPickerMode (178)
[2015.06.11-10.11.56:499][404]LogModuleManager: Shutting down and abandoning module GeometryMode (177)
[2015.06.11-10.11.56:499][404]LogModuleManager: Shutting down and abandoning module TextureAlignMode (176)
[2015.06.11-10.11.56:499][404]LogModuleManager: Shutting down and abandoning module BspMode (175)
[2015.06.11-10.11.56:499][404]LogModuleManager: Shutting down and abandoning module PlacementMode (174)
[2015.06.11-10.11.56:499][404]LogModuleManager: Shutting down and abandoning module AutomationWorker (173)
[2015.06.11-10.11.56:499][404]LogModuleManager: Shutting down and abandoning module CharacterAI (172)
[2015.06.11-10.11.56:499][404]LogModuleManager: Shutting down and abandoning module SmartSnapping (171)
[2015.06.11-10.11.56:499][404]LogModuleManager: Shutting down and abandoning module ViewportSnapping (170)
[2015.06.11-10.11.56:499][404]LogModuleManager: Shutting down and abandoning module LogVisualizer (169)
[2015.06.11-10.11.56:499][404]LogModuleManager: Shutting down and abandoning module GameProjectGeneration (168)
[2015.06.11-10.11.56:499][404]LogModuleManager: Shutting down and abandoning module IntroTutorials (167)
[2015.06.11-10.11.56:499][404]LogModuleManager: Shutting down and abandoning module EditorLiveStreaming (166)
[2015.06.11-10.11.56:499][404]LogModuleManager: Shutting down and abandoning module IOSPlatformEditor (165)
[2015.06.11-10.11.56:499][404]LogModuleManager: Shutting down and abandoning module HTML5PlatformEditor (164)
[2015.06.11-10.11.56:499][404]LogModuleManager: Shutting down and abandoning module AndroidDeviceDetection (163)
[2015.06.11-10.11.56:680][404]LogModuleManager: Shutting down and abandoning module AndroidPlatformEditor (162)
[2015.06.11-10.11.56:680][404]LogModuleManager: Shutting down and abandoning module IOSRuntimeSettings (161)
[2015.06.11-10.11.56:680][404]LogModuleManager: Shutting down and abandoning module AndroidRuntimeSettings (160)
[2015.06.11-10.11.56:680][404]LogModuleManager: Shutting down and abandoning module MergeActors (159)
[2015.06.11-10.11.56:680][404]LogModuleManager: Shutting down and abandoning module SizeMap (158)
[2015.06.11-10.11.56:680][404]LogModuleManager: Shutting down and abandoning module TreeMap (157)
[2015.06.11-10.11.56:680][404]LogModuleManager: Shutting down and abandoning module ReferenceViewer (156)
[2015.06.11-10.11.56:680][404]LogModuleManager: Shutting down and abandoning module LocalizationDashboard (155)
[2015.06.11-10.11.56:680][404]LogModuleManager: Shutting down and abandoning module HardwareTargeting (154)
[2015.06.11-10.11.56:680][404]LogModuleManager: Shutting down and abandoning module DeviceProfileEditor (153)
[2015.06.11-10.11.56:680][404]LogModuleManager: Shutting down and abandoning module UndoHistory (152)
[2015.06.11-10.11.56:680][404]LogModuleManager: Shutting down and abandoning module GameplayTagsEditor (151)
[2015.06.11-10.11.56:680][404]LogModuleManager: Shutting down and abandoning module UserFeedback (150)
[2015.06.11-10.11.56:680][404]LogModuleManager: Shutting down and abandoning module XmlParser (149)
[2015.06.11-10.11.56:680][404]LogModuleManager: Shutting down and abandoning module Blutility (148)
[2015.06.11-10.11.56:680][404]LogModuleManager: Shutting down and abandoning module ProjectTargetPlatformEditor (147)
[2015.06.11-10.11.56:680][404]LogModuleManager: Shutting down and abandoning module ProjectSettingsViewer (146)
[2015.06.11-10.11.56:680][404]LogModuleManager: Shutting down and abandoning module InputBindingEditor (145)
[2015.06.11-10.11.56:680][404]LogModuleManager: Shutting down and abandoning module EditorSettingsViewer (144)
[2015.06.11-10.11.56:680][404]LogModuleManager: Shutting down and abandoning module SettingsEditor (143)
[2015.06.11-10.11.56:680][404]LogModuleManager: Shutting down and abandoning module ProjectLauncher (142)
[2015.06.11-10.11.56:680][404]LogModuleManager: Shutting down and abandoning module SessionFrontend (141)
[2015.06.11-10.11.56:680][404]LogModuleManager: Shutting down and abandoning module ProfilerClient (140)
[2015.06.11-10.11.56:680][404]LogModuleManager: Shutting down and abandoning module TargetDeviceServices (139)
[2015.06.11-10.11.56:680][404]LogModuleManager: Shutting down and abandoning module DeviceManager (138)
[2015.06.11-10.11.56:680][404]LogModuleManager: Shutting down and abandoning module AutomationController (137)
[2015.06.11-10.11.56:680][404]LogModuleManager: Shutting down and abandoning module AutomationWindow (136)
[2015.06.11-10.11.56:681][404]LogModuleManager: Shutting down and abandoning module Layers (135)
[2015.06.11-10.11.56:681][404]LogModuleManager: Shutting down and abandoning module ComponentVisualizers (134)
[2015.06.11-10.11.56:681][404]LogModuleManager: Shutting down and abandoning module DetailCustomizations (133)
[2015.06.11-10.11.56:681][404]LogModuleManager: Shutting down and abandoning module PackagesDialog (132)
[2015.06.11-10.11.56:681][404]LogModuleManager: Shutting down and abandoning module AssetRegistry (131)
[2015.06.11-10.11.56:732][404]LogModuleManager: Shutting down and abandoning module Persona (130)
[2015.06.11-10.11.56:732][404]LogModuleManager: Shutting down and abandoning module Kismet (129)
[2015.06.11-10.11.56:732][404]LogModuleManager: Shutting down and abandoning module GraphEditor (128)
[2015.06.11-10.11.56:732][404]LogModuleManager: Shutting down and abandoning module ClassViewer (127)
[2015.06.11-10.11.56:732][404]LogModuleManager: Shutting down and abandoning module Toolbox (126)
[2015.06.11-10.11.56:732][404]LogModuleManager: Shutting down and abandoning module ModuleUI (125)
[2015.06.11-10.11.56:732][404]LogModuleManager: Shutting down and abandoning module MovieSceneTools (124)
[2015.06.11-10.11.56:732][404]LogModuleManager: Shutting down and abandoning module OutputLog (123)
[2015.06.11-10.11.56:732][404]LogModuleManager: Shutting down and abandoning module GammaUI (122)
[2015.06.11-10.11.56:732][404]LogModuleManager: Shutting down and abandoning module Documentation (121)
[2015.06.11-10.11.56:732][404]LogModuleManager: Shutting down and abandoning module GameLiveStreaming (120)
[2015.06.11-10.11.56:732][404]LogModuleManager: Shutting down and abandoning module StreamingPauseRendering (119)
[2015.06.11-10.11.56:732][404]LogModuleManager: Shutting down and abandoning module AnalyticsET (118)
[2015.06.11-10.11.56:732][404]LogModuleManager: Shutting down and abandoning module Analytics (117)
[2015.06.11-10.11.56:732][404]LogModuleManager: Shutting down and abandoning module AITestSuite (116)
[2015.06.11-10.11.56:732][404]LogModuleManager: Shutting down and abandoning module GameplayDebugger (115)
[2015.06.11-10.11.56:732][404]LogModuleManager: Shutting down and abandoning module AIModule (114)
[2015.06.11-10.11.56:732][404]LogModuleManager: Shutting down and abandoning module ProfilerService (113)
[2015.06.11-10.11.56:856][404]LogModuleManager: Shutting down and abandoning module TaskGraph (112)
[2015.06.11-10.11.56:856][404]LogModuleManager: Shutting down and abandoning module SlateRemote (111)
[2015.06.11-10.11.56:856][404]LogModuleManager: Shutting down and abandoning module SteamVRController (110)
[2015.06.11-10.11.56:856][404]LogModuleManager: Shutting down and abandoning module SteamVR (109)
[2015.06.11-10.11.56:856][404]LogModuleManager: Shutting down and abandoning module ProceduralMeshComponent (108)
[2015.06.11-10.11.56:856][404]LogModuleManager: Shutting down and abandoning module OculusRift (107)
[2015.06.11-10.11.56:856][404]LogModuleManager: Shutting down and abandoning module LeapMotionController (106)
[2015.06.11-10.11.56:864][404]LogModuleManager: Shutting down and abandoning module CustomMeshComponent (105)
[2015.06.11-10.11.56:864][404]LogModuleManager: Shutting down and abandoning module CableComponent (104)
[2015.06.11-10.11.56:864][404]LogModuleManager: Shutting down and abandoning module MessagingDebugger (103)
[2015.06.11-10.11.56:864][404]LogModuleManager: Shutting down and abandoning module MediaPlayerEditor (102)
[2015.06.11-10.11.56:864][404]LogModuleManager: Shutting down and abandoning module SpeedTreeImporter (101)
[2015.06.11-10.11.56:864][404]LogModuleManager: Shutting down and abandoning module PluginBrowser (100)
[2015.06.11-10.11.56:864][404]LogModuleManager: Shutting down and abandoning module EpicSurvey (99)
[2015.06.11-10.11.56:864][404]LogModuleManager: Shutting down and abandoning module DesktopPlatform (98)
[2015.06.11-10.11.56:864][404]LogModuleManager: Shutting down and abandoning module VisualStudioSourceCodeAccess (97)
[2015.06.11-10.11.56:864][404]LogModuleManager: Shutting down and abandoning module UObjectPlugin (96)
[2015.06.11-10.11.56:864][404]LogModuleManager: Shutting down and abandoning module SubversionSourceControl (95)
[2015.06.11-10.11.56:864][404]LogModuleManager: Shutting down and abandoning module PerforceSourceControl (94)
[2015.06.11-10.11.56:864][404]LogModuleManager: Shutting down and abandoning module SourceControl (93)
[2015.06.11-10.11.56:864][404]LogModuleManager: Shutting down and abandoning module GitSourceControl (92)
[2015.06.11-10.11.56:864][404]LogModuleManager: Shutting down and abandoning module BlankPlugin (91)
[2015.06.11-10.11.56:864][404]LogModuleManager: Shutting down and abandoning module PaperTiledImporter (90)
[2015.06.11-10.11.56:864][404]LogModuleManager: Shutting down and abandoning module PaperSpriteSheetImporter (89)
[2015.06.11-10.11.56:864][404]LogModuleManager: Shutting down and abandoning module MeshPaint (88)
[2015.06.11-10.11.56:864][404]LogModuleManager: Shutting down and abandoning module SlateReflector (87)
[2015.06.11-10.11.56:864][404]LogModuleManager: Shutting down and abandoning module DirectoryWatcher (86)
[2015.06.11-10.11.56:864][404]LogModuleManager: Shutting down and abandoning module HotReload (85)
[2015.06.11-10.11.56:864][404]LogModuleManager: Shutting down and abandoning module MainFrame (84)
[2015.06.11-10.11.56:864][404]LogModuleManager: Shutting down and abandoning module LevelEditor (83)
[2015.06.11-10.11.56:865][404]LogModuleManager: Shutting down and abandoning module ContentBrowser (82)
[2015.06.11-10.11.56:866][404]LogModuleManager: Shutting down and abandoning module Paper2DEditor (81)
[2015.06.11-10.11.56:866][404]LogModuleManager: Shutting down and abandoning module UdpMessaging (80)
[2015.06.11-10.11.56:966][404]LogModuleManager: Shutting down and abandoning module Paper2D (79)
[2015.06.11-10.11.56:966][404]LogModuleManager: Shutting down and abandoning module WindowsMoviePlayer (78)
[2015.06.11-10.11.56:971][404]LogModuleManager: Shutting down and abandoning module Media (77)
[2015.06.11-10.11.56:971][404]LogModuleManager: Shutting down and abandoning module WmfMedia (76)
[2015.06.11-10.11.56:971][404]LogModuleManager: Shutting down and abandoning module OnlineBlueprintSupport (75)
[2015.06.11-10.11.56:971][404]LogModuleManager: Shutting down and abandoning module PropertyEditor (74)
[2015.06.11-10.11.56:971][404]LogModuleManager: Shutting down and abandoning module BehaviorTreeEditor (73)
[2015.06.11-10.11.56:971][404]LogModuleManager: Shutting down and abandoning module FunctionalTesting (72)
[2015.06.11-10.11.56:971][404]LogModuleManager: Shutting down and abandoning module CollisionAnalyzer (71)
[2015.06.11-10.11.56:971][404]LogModuleManager: Shutting down and abandoning module WorkspaceMenuStructure (70)
[2015.06.11-10.11.56:971][404]LogModuleManager: Shutting down and abandoning module MessageLog (69)
[2015.06.11-10.11.56:971][404]LogModuleManager: Shutting down and abandoning module Sequencer (68)
[2015.06.11-10.11.56:971][404]LogModuleManager: Shutting down and abandoning module AssetTools (67)
[2015.06.11-10.11.56:971][404]LogModuleManager: Shutting down and abandoning module UMGEditor (66)
[2015.06.11-10.11.56:971][404]LogModuleManager: Shutting down and abandoning module UMG (65)
[2015.06.11-10.11.56:971][404]LogModuleManager: Shutting down and abandoning module Slate (64)
[2015.06.11-10.11.56:971][404]LogModuleManager: Shutting down and abandoning module EditorStyle (63)
[2015.06.11-10.11.56:976][404]LogModuleManager: Shutting down and abandoning module SessionServices (62)
[2015.06.11-10.11.56:976][404]LogModuleManager: Shutting down and abandoning module SourceCodeAccess (61)
[2015.06.11-10.11.56:976][404]LogModuleManager: Shutting down and abandoning module HeadMountedDisplay (60)
[2015.06.11-10.11.56:976][404]LogModuleManager: Shutting down and abandoning module XAudio2 (59)
[2015.06.11-10.11.56:976][404]LogModuleManager: Shutting down and abandoning module Networking (57)
[2015.06.11-10.11.56:976][404]LogModuleManager: Shutting down and abandoning module Core (56)
[2015.06.11-10.11.56:976][404]LogModuleManager: Shutting down and abandoning module KismetCompiler (55)
[2015.06.11-10.11.56:976][404]LogModuleManager: Shutting down and abandoning module PhysXFormats (54)
[2015.06.11-10.11.56:976][404]LogModuleManager: Shutting down and abandoning module MeshUtilities (53)
[2015.06.11-10.11.56:976][404]LogModuleManager: Shutting down and abandoning module DerivedDataCache (52)
[2015.06.11-10.11.57:073][404]LogDerivedDataCache: Shutdown
[2015.06.11-10.11.57:073][404]LogModuleManager: Shutting down and abandoning module ShaderFormatOpenGL (51)
[2015.06.11-10.11.57:073][404]LogModuleManager: Shutting down and abandoning module ShaderFormatD3D (50)
[2015.06.11-10.11.57:073][404]LogModuleManager: Shutting down and abandoning module MetalShaderFormat (49)
[2015.06.11-10.11.57:073][404]LogModuleManager: Shutting down and abandoning module TextureFormatUncompressed (48)
[2015.06.11-10.11.57:073][404]LogModuleManager: Shutting down and abandoning module TextureFormatPVR (47)
[2015.06.11-10.11.57:073][404]LogModuleManager: Shutting down and abandoning module TextureFormatIntelISPCTexComp (46)
[2015.06.11-10.11.57:073][404]LogModuleManager: Shutting down and abandoning module TextureFormatDXT (45)
[2015.06.11-10.11.57:073][404]LogModuleManager: Shutting down and abandoning module ImageWrapper (44)
[2015.06.11-10.11.57:073][404]LogModuleManager: Shutting down and abandoning module TextureFormatASTC (43)
[2015.06.11-10.11.57:073][404]LogModuleManager: Shutting down and abandoning module TextureFormatAndroid (42)
[2015.06.11-10.11.57:073][404]LogModuleManager: Shutting down and abandoning module AudioFormatOpus (41)
[2015.06.11-10.11.57:073][404]LogModuleManager: Shutting down and abandoning module AudioFormatOgg (40)
[2015.06.11-10.11.57:073][404]LogModuleManager: Shutting down and abandoning module AudioFormatADPCM (39)
[2015.06.11-10.11.57:073][404]LogModuleManager: Shutting down and abandoning module LinuxTargetPlatform (38)
[2015.06.11-10.11.57:073][404]LogModuleManager: Shutting down and abandoning module LinuxServerTargetPlatform (37)
[2015.06.11-10.11.57:073][404]LogModuleManager: Shutting down and abandoning module LinuxNoEditorTargetPlatform (36)
[2015.06.11-10.11.57:073][404]LogModuleManager: Shutting down and abandoning module Messaging (35)
[2015.06.11-10.11.57:073][404]LogModuleManager: Shutting down and abandoning module IOSTargetPlatform (34)
[2015.06.11-10.11.57:073][404]LogModuleManager: Shutting down and abandoning module HTML5TargetPlatform (33)
[2015.06.11-10.11.57:073][404]LogModuleManager: Shutting down and abandoning module Android_PVRTCTargetPlatform (32)
[2015.06.11-10.11.57:073][404]LogModuleManager: Shutting down and abandoning module Android_ETC2TargetPlatform (31)
[2015.06.11-10.11.57:073][404]LogModuleManager: Shutting down and abandoning module Android_ETC1TargetPlatform (30)
[2015.06.11-10.11.57:073][404]LogModuleManager: Shutting down and abandoning module Android_DXTTargetPlatform (29)
[2015.06.11-10.11.57:073][404]LogModuleManager: Shutting down and abandoning module Android_ATCTargetPlatform (28)
[2015.06.11-10.11.57:073][404]LogModuleManager: Shutting down and abandoning module Android_ASTCTargetPlatform (27)
[2015.06.11-10.11.57:073][404]LogModuleManager: Shutting down and abandoning module AndroidTargetPlatform (26)
[2015.06.11-10.11.57:073][404]LogModuleManager: Shutting down and abandoning module WindowsTargetPlatform (25)
[2015.06.11-10.11.57:073][404]LogModuleManager: Shutting down and abandoning module WindowsServerTargetPlatform (24)
[2015.06.11-10.11.57:074][404]LogModuleManager: Shutting down and abandoning module WindowsNoEditorTargetPlatform (23)
[2015.06.11-10.11.57:074][404]LogModuleManager: Shutting down and abandoning module WindowsClientTargetPlatform (22)
[2015.06.11-10.11.57:074][404]LogModuleManager: Shutting down and abandoning module DesktopTargetPlatform (21)
[2015.06.11-10.11.57:074][404]LogModuleManager: Shutting down and abandoning module TargetPlatform (20)
[2015.06.11-10.11.57:074][404]LogModuleManager: Shutting down and abandoning module InputCore (19)
[2015.06.11-10.11.57:074][404]LogModuleManager: Shutting down and abandoning module Settings (18)
[2015.06.11-10.11.57:074][404]LogModuleManager: Shutting down and abandoning module OnlineSubsystem (16)
[2015.06.11-10.11.57:074][404]LogModuleManager: Shutting down and abandoning module HTTP (15)
[2015.06.11-10.11.57:074][404]LogModuleManager: Shutting down and abandoning module ExampleDeviceProfileSelector (14)
[2015.06.11-10.11.57:074][404]LogModuleManager: Shutting down and abandoning module TextureCompressor (13)
[2015.06.11-10.11.57:074][404]LogModuleManager: Shutting down and abandoning module ShaderCore (12)
[2015.06.11-10.11.57:074][404]LogModuleManager: Shutting down and abandoning module Landscape (11)
[2015.06.11-10.11.57:074][404]LogModuleManager: Shutting down and abandoning module SlateRHIRenderer (10)
[2015.06.11-10.11.57:078][404]LogModuleManager: Shutting down and abandoning module OpenGLDrv (9)
[2015.06.11-10.11.57:078][404]LogModuleManager: Shutting down and abandoning module D3D11RHI (8)
[2015.06.11-10.11.57:078][404]LogModuleManager: Shutting down and abandoning module Renderer (7)
[2015.06.11-10.11.57:078][404]LogModuleManager: Shutting down and abandoning module Engine (6)
[2015.06.11-10.11.57:078][404]LogModuleManager: Shutting down and abandoning module CoreUObject (5)
[2015.06.11-10.11.57:078][404]LogModuleManager: Shutting down and abandoning module NetworkFile (4)
[2015.06.11-10.11.57:078][404]LogModuleManager: Shutting down and abandoning module StreamingFile (3)
[2015.06.11-10.11.57:078][404]LogModuleManager: Shutting down and abandoning module SandboxFile (2)
[2015.06.11-10.11.57:078][404]LogModuleManager: Shutting down and abandoning module PakFile (1)
[2015.06.11-10.11.57:079][404]LogExit: Exiting.
[2015.06.11-10.11.57:081][404]Log file closed, 06/11/15 12:11:57
