[2015.06.11-09.52.12:938][  0]Log file open, 06/11/15 11:52:12
[2015.06.11-09.52.12:938][  0]LogInit:Display: Running engine for game: agdgRTS
[2015.06.11-09.52.12:938][  0]LogInit:Display: RandInit(1948973880) SRandInit(1948973881).
[2015.06.11-09.52.12:938][  0]LogTaskGraph: Started task graph with 4 named threads and 7 total threads.
[2015.06.11-09.52.12:938][  0]LogStats: Stats thread started
[2015.06.11-09.52.12:938][  0]LogInit: Version: 4.8.0-2579680+++depot+UE4-Releases+4.8
[2015.06.11-09.52.12:938][  0]LogInit: API Version: 2579680
[2015.06.11-09.52.12:938][  0]LogInit: Compiled (64-bit): Jun  8 2015 03:34:53
[2015.06.11-09.52.12:938][  0]LogInit: Compiled with Visual C++: 18.00.21005.01
[2015.06.11-09.52.12:938][  0]LogInit: Build Configuration: Development
[2015.06.11-09.52.12:938][  0]LogInit: Branch Name: ++depot+UE4-Releases+4.8
[2015.06.11-09.52.12:938][  0]LogInit: Command line:  
[2015.06.11-09.52.12:938][  0]LogInit: Base directory: C:/Program Files/Unreal Engine/4.8/Engine/Binaries/Win64/
[2015.06.11-09.52.12:938][  0]LogInit: Rocket: 1
[2015.06.11-09.52.12:949][  0]LogInit: Using libcurl 7.41.0
[2015.06.11-09.52.12:949][  0]LogInit:  - built for x86_64-pc-win32
[2015.06.11-09.52.12:949][  0]LogInit:  - supports SSL with WinSSL
[2015.06.11-09.52.12:949][  0]LogInit:  - other features:
[2015.06.11-09.52.12:949][  0]LogInit:      CURL_VERSION_SSL
[2015.06.11-09.52.12:949][  0]LogInit:      CURL_VERSION_IPV6
[2015.06.11-09.52.12:949][  0]LogInit:      CURL_VERSION_ASYNCHDNS
[2015.06.11-09.52.12:949][  0]LogInit:      CURL_VERSION_LARGEFILE
[2015.06.11-09.52.12:949][  0]LogInit:      CURL_VERSION_IDN
[2015.06.11-09.52.12:949][  0]LogInit:  CurlRequestOptions (configurable via config and command line):
[2015.06.11-09.52.12:949][  0]LogInit:  - bVerifyPeer = true  - Libcurl will verify peer certificate
[2015.06.11-09.52.12:949][  0]LogInit:  - bUseHttpProxy = false  - Libcurl will NOT use HTTP proxy
[2015.06.11-09.52.12:949][  0]LogInit:  - bDontReuseConnections = false  - Libcurl will reuse connections
[2015.06.11-09.52.12:949][  0]LogInit:  - CertBundlePath = nullptr  - Libcurl will use whatever was configured at build time.
[2015.06.11-09.52.12:959][  0]LogOnline:Warning: No default platform service specified for OnlineSubsystem
[2015.06.11-09.52.12:971][  0]LogInit: Presizing for 0 objects not considered by GC, pre-allocating 0 bytes.
[2015.06.11-09.52.12:978][  0]LogInit: Object subsystem initialized
[2015.06.11-09.52.12:979][  0]LogConsoleResponse:Warning: Skipping Unknown console variable: 'TranslucentSortAxis = (X=0.000000,Y=-1.000000,Z=0.000000)'
[2015.06.11-09.52.12:979][  0]LogConsoleResponse:Warning:   Found in ini file 'C:/Users/Admin/Documents/Unreal Projects/agdgRTS/Saved/Config/Windows/Engine.ini', in section '[/Script/Engine.RendererSettings]'
[2015.06.11-09.52.12:979][  0]LogConsoleResponse:Warning: Skipping Unknown console variable: 'UIScaleRule = ShortestSide'
[2015.06.11-09.52.12:979][  0]LogConsoleResponse:Warning:   Found in ini file 'C:/Users/Admin/Documents/Unreal Projects/agdgRTS/Saved/Config/Windows/Engine.ini', in section '[/Script/Engine.RendererSettings]'
[2015.06.11-09.52.12:979][  0]LogConsoleResponse:Warning: Skipping Unknown console variable: 'UIScaleCurve = (EditorCurveData=(Keys=),ExternalCurve=None)'
[2015.06.11-09.52.12:979][  0]LogConsoleResponse:Warning:   Found in ini file 'C:/Users/Admin/Documents/Unreal Projects/agdgRTS/Saved/Config/Windows/Engine.ini', in section '[/Script/Engine.RendererSettings]'
[2015.06.11-09.52.12:979][  0]LogInit: Selected Device Profile: [Windows]
[2015.06.11-09.52.12:979][  0]LogInit: Applying CVar settings loaded from the selected device profile: [Windows]
[2015.06.11-09.52.12:987][  0]LogInit: Computer: ADMIN-PC
[2015.06.11-09.52.12:987][  0]LogInit: User: Admin
[2015.06.11-09.52.12:987][  0]LogInit: CPU Page size=4096, Cores=4
[2015.06.11-09.52.12:987][  0]LogInit: High frequency timer resolution =3.312822 MHz
[2015.06.11-09.52.12:987][  0]LogMemory: Memory total: Physical=7.9GB (8GB approx)
[2015.06.11-09.52.12:987][  0]LogMemory: Platform Memory Stats for Windows
[2015.06.11-09.52.12:987][  0]LogMemory: Process Physical Memory: 49.29 MB used, 49.29 MB peak
[2015.06.11-09.52.12:987][  0]LogMemory: Process Virtual Memory: 22.39 MB used, 23.23 MB peak
[2015.06.11-09.52.12:987][  0]LogMemory: Physical Memory: 3662.33 MB used, 8139.27 MB total
[2015.06.11-09.52.12:987][  0]LogMemory: Virtual Memory: 278.92 MB used, 8388608.00 MB total
[2015.06.11-09.52.13:021][  0]LogTextLocalizationManager: The requested culture ('en_GB') has no localization data; parent culture's ('en') localization data will be used.
[2015.06.11-09.52.13:218][  0]LogTextLocalizationManager:Warning: Loaded localization resources contain conflicting entries for (Namespace:ContentBrowser, Key:ImportAssetToolTip):
Localization Resource: (C:/Program Files/Unreal Engine/4.8/Engine/Content/Localization/Editor/en/Editor.locres) Source String Hash: (-630476809) Localized String: (Import to {0}...)
Localization Resource: (C:/Program Files/Unreal Engine/4.8/Engine/Content/Localization/Editor/en/Editor.locres) Source String Hash: (1271782899) Localized String: (Imports an asset from file to this folder.)
[2015.06.11-09.52.13:628][  0]LogD3D11RHI: Found D3D11 adapter 0: NVIDIA GeForce GTX 660   (Feature Level 11_0)
[2015.06.11-09.52.13:628][  0]LogD3D11RHI: Adapter has 1990MB of dedicated video memory, 0MB of dedicated system memory, and 2048MB of shared system memory, 1 output[s]
[2015.06.11-09.52.13:628][  0]LogD3D11RHI: Chosen D3D11 Adapter Id = 0
[2015.06.11-09.52.13:632][  0]LogRHI: Texture pool is 1361 MB (70% of 1945 MB)
[2015.06.11-09.52.13:638][  0]LogD3D11RHI: Async texture creation enabled
[2015.06.11-09.52.13:651][  0]LogShaderCompilers:Display: Using Local Shader Compiler.
[2015.06.11-09.52.14:510][  0]LogTemp:Display: Loaded TP DesktopTargetPlatform
[2015.06.11-09.52.14:522][  0]LogTemp:Display: Loaded TP WindowsClientTargetPlatform
[2015.06.11-09.52.14:535][  0]LogTemp:Display: Loaded TP WindowsNoEditorTargetPlatform
[2015.06.11-09.52.14:549][  0]LogTemp:Display: Loaded TP WindowsServerTargetPlatform
[2015.06.11-09.52.14:563][  0]LogTemp:Display: Loaded TP WindowsTargetPlatform
[2015.06.11-09.52.14:574][  0]LogTemp:Display: Loaded TP AndroidTargetPlatform
[2015.06.11-09.52.14:586][  0]LogTemp:Display: Loaded TP Android_ASTCTargetPlatform
[2015.06.11-09.52.14:598][  0]LogTemp:Display: Loaded TP Android_ATCTargetPlatform
[2015.06.11-09.52.14:610][  0]LogTemp:Display: Loaded TP Android_DXTTargetPlatform
[2015.06.11-09.52.14:621][  0]LogTemp:Display: Loaded TP Android_ETC1TargetPlatform
[2015.06.11-09.52.14:633][  0]LogTemp:Display: Loaded TP Android_ETC2TargetPlatform
[2015.06.11-09.52.14:645][  0]LogTemp:Display: Loaded TP Android_PVRTCTargetPlatform
[2015.06.11-09.52.14:690][  0]LogTemp:Display: Loaded TP IOSTargetPlatform
[2015.06.11-09.52.14:701][  0]LogTemp:Display: Loaded TP LinuxNoEditorTargetPlatform
[2015.06.11-09.52.14:713][  0]LogTemp:Display: Loaded TP LinuxServerTargetPlatform
[2015.06.11-09.52.14:727][  0]LogTemp:Display: Loaded TP LinuxTargetPlatform
[2015.06.11-09.52.14:727][  0]LogTargetPlatformManager:Display: Building Assets For Windows
[2015.06.11-09.52.14:909][  0]LogDerivedDataCache:Display: Max Cache Size: 512 MB
[2015.06.11-09.52.14:963][  0]LogDerivedDataCache: Loaded boot cache 0.05s 53MB C:/Users/Admin/AppData/Local/UnrealEngine/4.8/DerivedDataCache/Boot.ddc.
[2015.06.11-09.52.14:963][  0]LogDerivedDataCache:Display: Loaded Boot cache: C:/Users/Admin/AppData/Local/UnrealEngine/4.8/DerivedDataCache/Boot.ddc
[2015.06.11-09.52.14:963][  0]LogDerivedDataCache: FDerivedDataBackendGraph:  Pak pak cache file ../../../../../../Users/Admin/Documents/Unreal Projects/agdgRTS/DerivedDataCache/DDC.ddp not found, will not use a pak cache.
[2015.06.11-09.52.14:963][  0]LogDerivedDataCache: Unable to find inner node Pak for hierarchical cache Hierarchy.
[2015.06.11-09.52.14:963][  0]LogDerivedDataCache: FDerivedDataBackendGraph:  CompressedPak pak cache file ../../../../../../Users/Admin/Documents/Unreal Projects/agdgRTS/DerivedDataCache/Compressed.ddp not found, will not use a pak cache.
[2015.06.11-09.52.14:963][  0]LogDerivedDataCache: Unable to find inner node CompressedPak for hierarchical cache Hierarchy.
[2015.06.11-09.52.15:123][  0]LogDerivedDataCache:Display: Pak cache opened for reading ../../../Engine/DerivedDataCache/Compressed.ddp.
[2015.06.11-09.52.15:134][  0]LogDerivedDataCache: Using Local data cache path C:/Users/Admin/AppData/Local/UnrealEngine/Common/DerivedDataCache: Writable
[2015.06.11-09.52.15:348][  0]LogInit: Selected Device Profile: [Windows]
[2015.06.11-09.52.15:356][  0]ImportText (ComponentSweepMultiTests): Missing closing parenthesis: (RootShapeAsset="/Engine/BasicShapes/Cube.Cube",ShapeType="TriggerCapsule",HitResult=(Time=0.50,Location=(X=-100.000015,Y=0.0,Z=100.000015),ImpactPoint=(X=-50.0,Y=0.0,Z=50.0),Normal=(X=-1.0,Y=-0.0,Z=0.0),ImpactNormal=(X=0.0,Y=0.0,Z=1.0),TraceStart=(X=-200.0,Y=0.0,Z=200.0),TraceEnd=(X=0.0,Y=0.0,Z=0.0))
[2015.06.11-09.52.15:357][  0]ImportText (LineTraceSingleByChannelTests): Missing closing parenthesis: (RootShapeAsset="/Engine/BasicShapes/Cube.Cube",HitResult=(Time=0.50,Location=(X=-100.000015,Y=0.0,Z=100.000015),ImpactPoint=(X=-50.0,Y=0.0,Z=50.0),Normal=(X=-1.0,Y=-0.0,Z=0.0),ImpactNormal=(X=0.0,Y=0.0,Z=1.0),TraceStart=(X=-200.0,Y=0.0,Z=200.0),TraceEnd=(X=0.0,Y=0.0,Z=0.0))
[2015.06.11-09.52.15:381][  0]LogMeshUtilities: No automatic mesh reduction module available
[2015.06.11-09.52.15:381][  0]LogMeshUtilities: No automatic mesh merging module available
[2015.06.11-09.52.15:751][  0]LogInit: WinSock: version 1.1 (2.2), MaxSocks=32767, MaxUdp=65467
[2015.06.11-09.52.16:636][  0]UdpMessaging: Initializing bridge on interface 0.0.0.0:0 to multicast group 230.0.0.1:6666.
[2015.06.11-09.52.16:970][  0]SourceControl: Info Source control is disabled
[2015.06.11-09.52.16:976][  0]SourceControl: Info Source control is disabled
[2015.06.11-09.52.16:985][  0]SourceControl: Info Source control is disabled
[2015.06.11-09.52.16:994][  0]SourceControl: Info Source control is disabled
[2015.06.11-09.52.17:204][  0]LogObj: 26273 objects as part of root set at end of initial load.
[2015.06.11-09.52.17:204][  0]LogUObjectAllocator: 5409248 out of 0 bytes used by permanent object pool.
[2015.06.11-09.52.17:269][  0]LogEngine: Initializing Engine...
[2015.06.11-09.52.17:271][  0]LogHMD: Can't find Oculus library dev build: is proper Runtime installed? Version: 0.6.0.0
[2015.06.11-09.52.17:278][  0]LogHMD:Warning: SteamVR failed to initialize.  Error: 108
[2015.06.11-09.52.17:421][  0]LogAIModule: Creating AISystem for world NewWorld
[2015.06.11-09.52.17:427][  0]LogInit: XAudio2 using 'Speakers (6- Logitech G35 Headset)' : 8 channels at 44.1 kHz using 16 bits per sample (channel mask 0x63f)
[2015.06.11-09.52.17:434][  0]LogInit: FAudioDevice initialized.
[2015.06.11-09.52.17:474][  0]LogDerivedDataCache: Saved boot cache 0.04s 53MB C:/Users/Admin/AppData/Local/UnrealEngine/4.8/DerivedDataCache/Boot.ddc.
[2015.06.11-09.52.17:479][  0]LogInit: Texture streaming: Disabled
[2015.06.11-09.52.17:499][  0]LogAnalytics: Creating configured Analytics provider AnalyticsET
[2015.06.11-09.52.17:499][  0]LogAnalytics: [UEEditor.Rocket.Release] APIServer = http://et2.epicgames.com/ET2/. AppVersion = 4.8.0-2579680+++depot+UE4-Releases+4.8
[2015.06.11-09.52.17:499][  0]LogAnalytics: [UEEditor.Rocket.Release] SetUserId 45e8c21744eb95767a37edaaf578a055|6e6540727fb34f4f876b0e52d0daf29d|4af4e7ee-cbb8-43ef-b682-c083a089eca5
[2015.06.11-09.52.17:499][  0]LogAnalytics: [UEEditor.Rocket.Release] AnalyticsET::StartSession
[2015.06.11-09.52.17:521][  0]LogInit: Transaction tracking system initialized
[2015.06.11-09.52.17:631][  0]BlueprintLog: New page: Editor Load
[2015.06.11-09.52.17:661][  0]LogAssetRegistry: FAssetRegistry took 0.0095 seconds to start up
[2015.06.11-09.52.17:661][  0]LogDirectoryWatcher:Warning: Failed to begin reading directory changes for ../../../Engine/Plugins/Experimental/CharacterAI/Content/. Error: 0
[2015.06.11-09.52.18:305][  0]LogConsoleManager:Warning: Console variable 'r.VSync' wasn't set ('GameSetting' has a lower priority than 'SystemSettingsIni')
[2015.06.11-09.52.18:305][  0]LogConsoleResponse:Display: 
[2015.06.11-09.52.18:390][  0]LogCook:Display: Done creating registry. It took  0.00s.
[2015.06.11-09.52.18:550][  0]SourceControl: Info Source control is disabled
[2015.06.11-09.52.18:550][  0]Cmd: MAP LOAD FILE="../../../../../../Users/Admin/Documents/Unreal Projects/agdgRTS/Content/Maps/Experiments.umap" TEMPLATE=0 SHOWPROGRESS=1 FEATURELEVEL=3
[2015.06.11-09.52.18:550][  0]LightingResults: New page: Lighting Build
[2015.06.11-09.52.18:561][  0]MapCheck: New page: Map Check
[2015.06.11-09.52.18:561][  0]LightingResults: New page: Lighting Build
[2015.06.11-09.52.18:569][  0]LogParticles: Destroying 0 GPU particle simulations for FXSystem 0x000000001845C9A0
[2015.06.11-09.52.18:943][  0]LogAIModule: Creating AISystem for world Experiments
[2015.06.11-09.52.18:948][  0]LogEditorServer: Finished looking for orphan Actors (0.000 secs)
[2015.06.11-09.52.18:949][  0]Cmd: MAP CHECKDEP NOCLEARLOG
[2015.06.11-09.52.18:980][  0]MapCheck: Info Map check complete: 0 Error(s), 0 Warning(s), took 31.051ms to complete.
[2015.06.11-09.52.18:981][  0]LogFileHelpers: Loading map 'Experiments' took 0.431
[2015.06.11-09.52.19:061][  0]LogCollectionManager: Loaded 0 collections in 0.002186 seconds
[2015.06.11-09.52.19:069][  0]LogContentBrowser: Native class hierarchy populated in 0.0076 seconds. Added 1792 classes and 301 folders.
[2015.06.11-09.52.19:105][  0]LogContentBrowser: Native class hierarchy updated for 'WidgetCarousel' in 0.0003 seconds. Added 0 classes and 0 folders.
[2015.06.11-09.52.19:127][  0]LogContentBrowser: Native class hierarchy updated for 'AddContentDialog' in 0.0003 seconds. Added 0 classes and 0 folders.
[2015.06.11-09.52.19:172][  0]LogContentBrowser: Native class hierarchy updated for 'SceneOutliner' in 0.0003 seconds. Added 1 classes and 2 folders.
[2015.06.11-09.52.19:221][  0]LogCrashTracker: Crashtracker disabled due to settings.
[2015.06.11-09.52.19:226][  0]LogUObjectGlobals:Warning: Failed to find object 'Class None.'
[2015.06.11-09.52.19:246][  0]LogLoad: Full Startup: 7.89 seconds (BP compile: 0.17 seconds)
[2015.06.11-09.52.19:300][  0]LogContentStreaming: Texture pool size is 0.000000MB
[2015.06.11-09.52.19:318][  0]LogContentStreaming: Texture pool size now 700 MB
[2015.06.11-09.52.19:436][  0]LogRenderer: Reallocating scene render targets to support 1120x928 (Frame:2).
[2015.06.11-09.52.19:665][  6]LogAssetRegistry: Asset discovery search completed in 2.0136 seconds
[2015.06.11-09.53.16:876][504]LogMaterial: Missing cached shader map for material GridMaster, compiling. 
[2015.06.11-09.53.17:758][504]LogMaterial: Missing cached shader map for material GridMaster, compiling. 
[2015.06.11-09.53.17:763][504]LogMaterial: 0.000319 seconds spent updating 1 materials, 1 interfaces, 0 instances, 0 with static permutations.
[2015.06.11-09.53.18:593][515]MaterialEditorStats: Info Base pass shader with only dynamic lighting: 31 instructions
[2015.06.11-09.53.18:593][515]MaterialEditorStats: Info Vertex shader: 31 instructions
[2015.06.11-09.53.18:593][515]MaterialEditorStats: Info Texture samplers: 0/16
[2015.06.11-09.53.19:269][582]LogProperty:Warning: ObjectProperty /Script/Engine.ExpressionInput:Expression: unresolved reference to 'MaterialExpressionVectorParameter'MaterialGraphNode_8.MaterialExpressionVectorParameter_0',Mask=1,MaskR=1,MaskG=1,MaskB=1)'
[2015.06.11-09.53.19:269][582]LogProperty:Warning: ObjectProperty /Script/Engine.ExpressionInput:Expression: unresolved reference to 'MaterialExpressionVectorParameter'MaterialGraphNode_9.MaterialExpressionVectorParameter_1',Mask=1,MaskR=1,MaskG=1,MaskB=1)'
[2015.06.11-09.53.19:269][582]LogProperty:Warning: ObjectProperty /Script/Engine.ExpressionInput:Expression: unresolved reference to 'MaterialExpressionMaterialFunctionCall'MaterialGraphNode_19.MaterialExpressionMaterialFunctionCall_0',OutputIndex=2)'
[2015.06.11-09.53.19:269][582]LogLinker:Warning: Can't find file '/Engine/Transient'
[2015.06.11-09.53.19:269][582]LogLinker: Can't find file '/Engine/Transient'
[2015.06.11-09.53.19:270][582]LogLinker:Warning: Can't find file '/Engine/Transient'
[2015.06.11-09.53.19:270][582]LogProperty:Warning: ObjectProperty /Script/Engine.MaterialExpression:Material: unresolved reference to 'PreviewMaterial'/Engine/Transient.M_Tut_Environment_Master''
[2015.06.11-09.53.19:270][582]LogProperty:Warning: ObjectProperty /Script/Engine.EdGraphPin:LinkedTo.LinkedTo: unresolved reference to 'EdGraphPin'MaterialGraphNode_8.EdGraphPin_47460''
[2015.06.11-09.53.19:270][582]LogProperty:Warning: ObjectProperty /Script/Engine.EdGraphPin:LinkedTo.LinkedTo: unresolved reference to 'EdGraphPin'MaterialGraphNode_9.EdGraphPin_47465''
[2015.06.11-09.53.19:270][582]LogProperty:Warning: ObjectProperty /Script/Engine.EdGraphPin:LinkedTo.LinkedTo: unresolved reference to 'EdGraphPin'MaterialGraphNode_19.EdGraphPin_47507''
[2015.06.11-09.53.19:270][582]LogProperty:Warning: ObjectProperty /Script/Engine.EdGraphPin:LinkedTo.LinkedTo: unresolved reference to 'EdGraphPin'MaterialGraphNode_0.EdGraphPin_47443''
[2015.06.11-09.53.19:271][582]LogLinker:Warning: Can't find file '/Engine/Transient'
[2015.06.11-09.53.19:271][582]LogLinker: Can't find file '/Engine/Transient'
[2015.06.11-09.53.19:271][582]LogLinker:Warning: Can't find file '/Engine/Transient'
[2015.06.11-09.53.19:271][582]LogProperty:Warning: ObjectProperty /Script/Engine.MaterialExpression:Material: unresolved reference to 'PreviewMaterial'/Engine/Transient.M_Tut_Environment_Master''
[2015.06.11-09.53.19:271][582]LogProperty:Warning: ObjectProperty /Script/Engine.EdGraphPin:LinkedTo.LinkedTo: unresolved reference to 'EdGraphPin'MaterialGraphNode_20.EdGraphPin_47508''
[2015.06.11-09.53.19:271][582]LogProperty:Warning: ObjectProperty /Script/Engine.EdGraphPin:LinkedTo.LinkedTo: unresolved reference to 'EdGraphPin'MaterialGraphNode_20.EdGraphPin_47509''
[2015.06.11-09.53.19:271][582]LogProperty:Warning: ObjectProperty /Script/Engine.EdGraphPin:LinkedTo.LinkedTo: unresolved reference to 'EdGraphPin'MaterialGraphNode_21.EdGraphPin_47512''
[2015.06.11-09.53.19:273][582]LogLinker:Warning: Can't find file '/Engine/Transient'
[2015.06.11-09.53.19:273][582]LogLinker: Can't find file '/Engine/Transient'
[2015.06.11-09.53.19:273][582]LogLinker:Warning: Can't find file '/Engine/Transient'
[2015.06.11-09.53.19:273][582]LogProperty:Warning: ObjectProperty /Script/Engine.MaterialExpression:Material: unresolved reference to 'PreviewMaterial'/Engine/Transient.M_Tut_Environment_Master''
[2015.06.11-09.53.19:273][582]LogProperty:Warning: ObjectProperty /Script/Engine.EdGraphPin:LinkedTo.LinkedTo: unresolved reference to 'EdGraphPin'MaterialGraphNode_0.EdGraphPin_47444''
[2015.06.11-09.53.19:275][582]LogLinker:Warning: Can't find file '/Engine/Transient'
[2015.06.11-09.53.19:275][582]LogLinker: Can't find file '/Engine/Transient'
[2015.06.11-09.53.19:275][582]LogLinker:Warning: Can't find file '/Engine/Transient'
[2015.06.11-09.53.19:275][582]LogProperty:Warning: ObjectProperty /Script/Engine.MaterialExpression:Material: unresolved reference to 'PreviewMaterial'/Engine/Transient.M_Tut_Environment_Master''
[2015.06.11-09.53.19:293][582]LogProperty:Warning: ObjectProperty /Script/Engine.ExpressionInput:Expression: unresolved reference to 'MaterialExpressionTextureObjectParameter'MaterialGraphNode_22.MaterialExpressionTextureObjectParameter_0',InputName="TextureObject"))'
[2015.06.11-09.53.19:293][582]LogProperty:Warning: ObjectProperty /Script/Engine.ExpressionInput:Expression: unresolved reference to 'MaterialExpressionAppendVector'MaterialGraphNode_21.MaterialExpressionAppendVector_1',InputName="TextureSize"))'
[2015.06.11-09.53.19:293][582]LogLinker:Warning: Can't find file '/Engine/Transient'
[2015.06.11-09.53.19:293][582]LogLinker: Can't find file '/Engine/Transient'
[2015.06.11-09.53.19:294][582]LogLinker:Warning: Can't find file '/Engine/Transient'
[2015.06.11-09.53.19:294][582]LogProperty:Warning: ObjectProperty /Script/Engine.MaterialExpression:Material: unresolved reference to 'PreviewMaterial'/Engine/Transient.M_Tut_Environment_Master''
[2015.06.11-09.53.19:294][582]LogProperty:Warning: ObjectProperty /Script/Engine.EdGraphPin:LinkedTo.LinkedTo: unresolved reference to 'EdGraphPin'MaterialGraphNode_22.EdGraphPin_47514''
[2015.06.11-09.53.19:294][582]LogProperty:Warning: ObjectProperty /Script/Engine.EdGraphPin:LinkedTo.LinkedTo: unresolved reference to 'EdGraphPin'MaterialGraphNode_21.EdGraphPin_47513''
[2015.06.11-09.53.19:295][582]LogProperty:Warning: ObjectProperty /Script/Engine.ExpressionInput:Expression: unresolved reference to 'MaterialExpressionScalarParameter'MaterialGraphNode_7.MaterialExpressionScalarParameter_0')'
[2015.06.11-09.53.19:296][582]LogProperty:Warning: ObjectProperty /Script/Engine.ExpressionInput:Expression: unresolved reference to 'MaterialExpressionScalarParameter'MaterialGraphNode_7.MaterialExpressionScalarParameter_0')'
[2015.06.11-09.53.19:296][582]LogLinker:Warning: Can't find file '/Engine/Transient'
[2015.06.11-09.53.19:296][582]LogLinker: Can't find file '/Engine/Transient'
[2015.06.11-09.53.19:296][582]LogLinker:Warning: Can't find file '/Engine/Transient'
[2015.06.11-09.53.19:296][582]LogProperty:Warning: ObjectProperty /Script/Engine.MaterialExpression:Material: unresolved reference to 'PreviewMaterial'/Engine/Transient.M_Tut_Environment_Master''
[2015.06.11-09.53.19:296][582]LogProperty:Warning: ObjectProperty /Script/Engine.EdGraphPin:LinkedTo.LinkedTo: unresolved reference to 'EdGraphPin'MaterialGraphNode_21.EdGraphPin_47511''
[2015.06.11-09.53.19:297][582]LogProperty:Warning: ObjectProperty /Script/Engine.ExpressionInput:Expression: unresolved reference to 'MaterialExpressionAppendVector'MaterialGraphNode_20.MaterialExpressionAppendVector_0')'
[2015.06.11-09.53.19:297][582]LogProperty:Warning: ObjectProperty /Script/Engine.ExpressionInput:Expression: unresolved reference to 'MaterialExpressionScalarParameter'MaterialGraphNode_7.MaterialExpressionScalarParameter_0')'
[2015.06.11-09.53.19:297][582]LogLinker:Warning: Can't find file '/Engine/Transient'
[2015.06.11-09.53.19:298][582]LogLinker: Can't find file '/Engine/Transient'
[2015.06.11-09.53.19:298][582]LogLinker:Warning: Can't find file '/Engine/Transient'
[2015.06.11-09.53.19:298][582]LogProperty:Warning: ObjectProperty /Script/Engine.MaterialExpression:Material: unresolved reference to 'PreviewMaterial'/Engine/Transient.M_Tut_Environment_Master''
[2015.06.11-09.53.19:299][582]LogLinker:Warning: Can't find file '/Game/RestrictedAssets/Tutorials/tut_hologrid'
[2015.06.11-09.53.19:299][582]LogLinker: Can't find file '/Game/RestrictedAssets/Tutorials/tut_hologrid'
[2015.06.11-09.53.19:299][582]LogLinker:Warning: Can't find file '/Game/RestrictedAssets/Tutorials/tut_hologrid'
[2015.06.11-09.53.19:299][582]LogProperty:Warning: ObjectProperty /Script/Engine.MaterialExpressionTextureBase:Texture: unresolved reference to 'Texture2D'/Game/RestrictedAssets/Tutorials/tut_hologrid.tut_hologrid''
[2015.06.11-09.53.19:299][582]LogLinker:Warning: Can't find file '/Engine/Transient'
[2015.06.11-09.53.19:299][582]LogLinker: Can't find file '/Engine/Transient'
[2015.06.11-09.53.19:300][582]LogLinker:Warning: Can't find file '/Engine/Transient'
[2015.06.11-09.53.19:300][582]LogProperty:Warning: ObjectProperty /Script/Engine.MaterialExpression:Material: unresolved reference to 'PreviewMaterial'/Engine/Transient.M_Tut_Environment_Master''
[2015.06.11-09.53.19:300][582]LogLinker:Warning: Can't find file '/Engine/Transient'
[2015.06.11-09.53.19:300][582]LogLinker: Can't find file '/Engine/Transient'
[2015.06.11-09.53.19:301][582]LogLinker:Warning: Can't find file '/Engine/Transient'
[2015.06.11-09.53.19:301][582]LogProperty:Warning: ObjectProperty /Script/Engine.MaterialExpression:Material: unresolved reference to 'PreviewMaterial'/Engine/Transient.M_Tut_Environment_Master''
[2015.06.11-09.53.19:301][582]LogProperty:Warning: ObjectProperty /Script/Engine.EdGraphPin:LinkedTo.LinkedTo: unresolved reference to 'EdGraphPin'MaterialGraphNode_Root_0.EdGraphPin_47419''
[2015.06.11-09.53.19:301][582]LogLinker:Warning: Can't find file '/Engine/Transient'
[2015.06.11-09.53.19:302][582]LogLinker: Can't find file '/Engine/Transient'
[2015.06.11-09.53.19:302][582]LogLinker:Warning: Can't find file '/Engine/Transient'
[2015.06.11-09.53.19:302][582]LogProperty:Warning: ObjectProperty /Script/Engine.MaterialExpression:Material: unresolved reference to 'PreviewMaterial'/Engine/Transient.M_Tut_Environment_Master''
[2015.06.11-09.53.19:302][582]LogProperty:Warning: ObjectProperty /Script/Engine.EdGraphPin:LinkedTo.LinkedTo: unresolved reference to 'EdGraphPin'MaterialGraphNode_Root_0.EdGraphPin_47420''
[2015.06.11-09.53.19:303][582]LogLinker:Warning: Can't find file '/Engine/Transient'
[2015.06.11-09.53.19:303][582]LogLinker: Can't find file '/Engine/Transient'
[2015.06.11-09.53.19:303][582]LogLinker:Warning: Can't find file '/Engine/Transient'
[2015.06.11-09.53.19:303][582]LogProperty:Warning: ObjectProperty /Script/Engine.MaterialExpression:Material: unresolved reference to 'PreviewMaterial'/Engine/Transient.M_Tut_Environment_Master''
[2015.06.11-09.53.19:303][582]LogProperty:Warning: ObjectProperty /Script/Engine.EdGraphPin:LinkedTo.LinkedTo: unresolved reference to 'EdGraphPin'MaterialGraphNode_Root_0.EdGraphPin_47421''
[2015.06.11-09.53.19:334][582]LogMaterial: Missing cached shader map for material GridMaster, compiling. 
[2015.06.11-09.53.19:339][582]LogMaterial: 0.000099 seconds spent updating 1 materials, 1 interfaces, 0 instances, 0 with static permutations.
[2015.06.11-09.53.19:388][582]LogMaterial: Missing cached shader map for material FMatExpressionPreview MaterialExpressionLinearInterpolate_0, compiling. 
[2015.06.11-09.53.19:396][582]LogMaterial: Missing cached shader map for material FMatExpressionPreview MaterialExpressionVectorParameter_0, compiling. 
[2015.06.11-09.53.19:440][582]LogMaterial: Missing cached shader map for material FMatExpressionPreview MaterialExpressionVectorParameter_1, compiling. 
[2015.06.11-09.53.19:442][582]LogMaterial: Missing cached shader map for material FMatExpressionPreview MaterialExpressionTextureObjectParameter_0, compiling. 
[2015.06.11-09.53.20:233][643]MaterialEditorStats: Info Base pass shader with only dynamic lighting: 31 instructions
[2015.06.11-09.53.20:233][643]MaterialEditorStats: Info Vertex shader: 31 instructions
[2015.06.11-09.53.20:233][643]MaterialEditorStats: Info Texture samplers: 0/16
[2015.06.11-09.53.27:488][366]LogMaterial: Missing cached shader map for material GridMaster, compiling. 
[2015.06.11-09.53.27:488][366]LogMaterial:Warning: Failed to compile Material /Engine/Transient.GridMaster for platform PCD3D_SM5, Default Material will be used in game.
[2015.06.11-09.53.27:488][366]LogMaterial:Warning: 	(Node TextureObjectParameter) Param Tex Object> Requires valid texture
[2015.06.11-09.53.27:488][366]LogMaterial: 0.000122 seconds spent updating 1 materials, 1 interfaces, 0 instances, 0 with static permutations.
[2015.06.11-09.53.27:620][366]LogMaterial: Missing cached shader map for material FMatExpressionPreview MaterialExpressionLinearInterpolate_0, compiling. 
[2015.06.11-09.53.27:626][366]LogMaterial: Missing cached shader map for material FMatExpressionPreview MaterialExpressionVectorParameter_0, compiling. 
[2015.06.11-09.53.27:630][366]LogMaterial: Missing cached shader map for material FMatExpressionPreview MaterialExpressionVectorParameter_1, compiling. 
[2015.06.11-09.53.27:635][366]LogMaterial: Missing cached shader map for material FMatExpressionPreview MaterialExpressionTextureObjectParameter_0, compiling. 
[2015.06.11-09.53.27:637][366]MaterialEditorStats:Error: Error [SM5] (Node TextureObjectParameter) Param Tex Object> Requires valid texture
[2015.06.11-09.53.28:780][475]LogMaterial: Missing cached shader map for material GridMaster, compiling. 
[2015.06.11-09.53.28:781][475]LogMaterial:Warning: Failed to compile Material /Engine/Transient.GridMaster for platform PCD3D_SM5, Default Material will be used in game.
[2015.06.11-09.53.28:781][475]LogMaterial:Warning: 	(Node TextureObjectParameter) Param Tex Object> Requires valid texture
[2015.06.11-09.53.28:781][475]LogMaterial: 0.000055 seconds spent updating 1 materials, 1 interfaces, 0 instances, 0 with static permutations.
[2015.06.11-09.53.29:903][588]LogMaterial: Missing cached shader map for material GridMaster, compiling. 
[2015.06.11-09.53.29:904][588]LogMaterial:Warning: Failed to compile Material /Engine/Transient.GridMaster for platform PCD3D_SM5, Default Material will be used in game.
[2015.06.11-09.53.29:904][588]LogMaterial:Warning: 	(Node TextureObjectParameter) Param Tex Object> Requires valid texture
[2015.06.11-09.53.29:904][588]LogMaterial: 0.000078 seconds spent updating 1 materials, 1 interfaces, 0 instances, 0 with static permutations.
[2015.06.11-09.53.32:082][800]LogMaterial: Missing cached shader map for material GridMaster, compiling. 
[2015.06.11-09.53.32:083][800]LogMaterial:Warning: Failed to compile Material /Engine/Transient.GridMaster for platform PCD3D_SM5, Default Material will be used in game.
[2015.06.11-09.53.32:083][800]LogMaterial:Warning: 	(Node TextureObjectParameter) Param Tex Object> Requires valid texture
[2015.06.11-09.53.32:083][800]LogMaterial: 0.000019 seconds spent updating 1 materials, 1 interfaces, 0 instances, 0 with static permutations.
[2015.06.11-09.53.52:996][  2]LogFactory: FactoryCreateBinary: Texture with TextureFactory (0 0 C:\Users\Admin\Desktop\Tools\Unreal Engine Saves\grid.TGA)
[2015.06.11-09.53.53:188][  2]LogTexture:Display: Building textures: grid (AutoDXT)
[2015.06.11-09.53.56:889][274]Cmd: OBJ SAVEPACKAGE PACKAGE="/Game/Developers/Quark/T_grid" FILE="../../../../../../Users/Admin/Documents/Unreal Projects/agdgRTS/Content/Developers/Quark/T_grid.uasset" SILENT=true
[2015.06.11-09.53.56:933][274]LogSavePackage: Save=42.173107ms
[2015.06.11-09.53.56:933][274]LogSavePackage: Moving '../../../../../../Users/Admin/Documents/Unreal Projects/agdgRTS/Saved/T_grid187494F745E8FE61116657A092EBD8D4.tmp' to '../../../../../../Users/Admin/Documents/Unreal Projects/agdgRTS/Content/Developers/Quark/T_grid.uasset'
[2015.06.11-09.54.00:281][548]Cmd: OBJ SAVEPACKAGE PACKAGE="/Game/Developers/Quark/M_GridMaster" FILE="../../../../../../Users/Admin/Documents/Unreal Projects/agdgRTS/Content/Developers/Quark/M_GridMaster.uasset" SILENT=true
[2015.06.11-09.54.00:296][548]LogSavePackage: Save=13.237657ms
[2015.06.11-09.54.00:296][548]LogSavePackage: Moving '../../../../../../Users/Admin/Documents/Unreal Projects/agdgRTS/Saved/M_GridMasterB08007B24BF4CF1E366A03BDBE7FE4B8.tmp' to '../../../../../../Users/Admin/Documents/Unreal Projects/agdgRTS/Content/Developers/Quark/M_GridMaster.uasset'
[2015.06.11-09.54.16:657][ 92]LogMaterial: Missing cached shader map for material GridMaster, compiling. 
[2015.06.11-09.54.16:658][ 92]LogMaterial:Warning: Failed to compile Material /Engine/Transient.GridMaster for platform PCD3D_SM5, Default Material will be used in game.
[2015.06.11-09.54.16:658][ 92]LogMaterial:Warning: 	(Node TextureObjectParameter) Param Tex Object> Requires valid texture
[2015.06.11-09.54.16:658][ 92]LogMaterial: 0.000371 seconds spent updating 1 materials, 1 interfaces, 0 instances, 0 with static permutations.
[2015.06.11-09.54.16:695][ 92]LogMaterial: Missing cached shader map for material FMatExpressionPreview MaterialExpressionTextureSample_0, compiling. 
[2015.06.11-09.54.16:757][ 92]LogMaterial: Missing cached shader map for material FMatExpressionPreview MaterialExpressionLinearInterpolate_0, compiling. 
[2015.06.11-09.54.16:821][ 92]LogMaterial: Missing cached shader map for material FMatExpressionPreview MaterialExpressionVectorParameter_0, compiling. 
[2015.06.11-09.54.16:865][ 92]LogMaterial: Missing cached shader map for material FMatExpressionPreview MaterialExpressionVectorParameter_1, compiling. 
[2015.06.11-09.54.16:925][ 92]LogMaterial: Missing cached shader map for material FMatExpressionPreview MaterialExpressionTextureObjectParameter_0, compiling. 
[2015.06.11-09.54.16:970][ 92]LogMaterial: Missing cached shader map for material FMatExpressionPreview MaterialExpressionTextureSample_0, compiling. 
[2015.06.11-09.54.20:864][449]LogMaterial: Missing cached shader map for material GridMaster, compiling. 
[2015.06.11-09.54.20:865][449]LogMaterial:Warning: Failed to compile Material /Engine/Transient.GridMaster for platform PCD3D_SM5, Default Material will be used in game.
[2015.06.11-09.54.20:865][449]LogMaterial:Warning: 	(Node TextureObjectParameter) Param Tex Object> Requires valid texture
[2015.06.11-09.54.20:865][449]LogMaterial: 0.000046 seconds spent updating 1 materials, 1 interfaces, 0 instances, 0 with static permutations.
[2015.06.11-09.54.22:181][567]LogMaterial: Missing cached shader map for material GridMaster, compiling. 
[2015.06.11-09.54.22:191][567]LogMaterial: 0.000062 seconds spent updating 1 materials, 1 interfaces, 0 instances, 0 with static permutations.
[2015.06.11-09.54.22:301][567]LogMaterial: Missing cached shader map for material FMatExpressionPreview MaterialExpressionTextureObjectParameter_0, compiling. 
[2015.06.11-09.54.23:168][639]MaterialEditorStats: Info Base pass shader with only dynamic lighting: 43 instructions
[2015.06.11-09.54.23:168][639]MaterialEditorStats: Info Vertex shader: 33 instructions
[2015.06.11-09.54.23:169][639]MaterialEditorStats: Info Texture samplers: 1/16
[2015.06.11-09.54.25:800][879]LogMaterialEditor: Saving and Compiling material M_GridMaster
[2015.06.11-09.54.26:176][879]LogMaterial: Missing cached shader map for material GridMaster, compiling. 
[2015.06.11-09.54.26:198][879]LogMaterial: 0.000079 seconds spent updating 1 materials, 1 interfaces, 0 instances, 0 with static permutations.
[2015.06.11-09.54.26:226][879]LogMaterial: Missing cached shader map for material M_GridMaster, compiling. 
[2015.06.11-09.54.26:282][879]LogMaterial: Missing cached shader map for material M_GridMaster, compiling. 
[2015.06.11-09.54.26:290][879]LogMaterial: 0.000349 seconds spent updating 1 materials, 1 interfaces, 0 instances, 0 with static permutations.
[2015.06.11-09.54.27:953][879]Cmd: OBJ SAVEPACKAGE PACKAGE="/Game/Developers/Quark/M_GridMaster" FILE="../../../../../../Users/Admin/Documents/Unreal Projects/agdgRTS/Content/Developers/Quark/M_GridMaster.uasset" SILENT=true
[2015.06.11-09.54.27:975][879]LogSavePackage: Save=13.433562ms
[2015.06.11-09.54.27:975][879]LogSavePackage: Moving '../../../../../../Users/Admin/Documents/Unreal Projects/agdgRTS/Saved/M_GridMaster6F4E33A9428943CB628AE6BAB7B7780E.tmp' to '../../../../../../Users/Admin/Documents/Unreal Projects/agdgRTS/Content/Developers/Quark/M_GridMaster.uasset'
[2015.06.11-09.54.27:981][879]MaterialEditorStats: Info Base pass shader with only dynamic lighting: 73 instructions
[2015.06.11-09.54.27:981][879]MaterialEditorStats: Info Vertex shader: 33 instructions
[2015.06.11-09.54.27:981][879]MaterialEditorStats: Info Texture samplers: 4/16
[2015.06.11-09.54.52:039][982]LogParticles: Destroying 0 GPU particle simulations for FXSystem 0x000000000EA82A20
[2015.06.11-09.54.53:594][982]Cmd: OBJ SAVEPACKAGE PACKAGE="/Game/Developers/Quark/grid" FILE="../../../../../../Users/Admin/Documents/Unreal Projects/agdgRTS/Content/Developers/Quark/grid.uasset" SILENT=true
[2015.06.11-09.54.53:598][982]LogSavePackage: Save=2.376826ms
[2015.06.11-09.54.53:598][982]LogSavePackage: Moving '../../../../../../Users/Admin/Documents/Unreal Projects/agdgRTS/Saved/grid67415C7D4C587083CDEE90811A27E324.tmp' to '../../../../../../Users/Admin/Documents/Unreal Projects/agdgRTS/Content/Developers/Quark/grid.uasset'
[2015.06.11-09.54.53:603][982]Cmd: OBJ SAVEPACKAGE PACKAGE="/Game/Developers/Quark/GridMaster" FILE="../../../../../../Users/Admin/Documents/Unreal Projects/agdgRTS/Content/Developers/Quark/GridMaster.uasset" SILENT=true
[2015.06.11-09.54.53:607][982]LogSavePackage: Save=2.425425ms
[2015.06.11-09.54.53:607][982]LogSavePackage: Moving '../../../../../../Users/Admin/Documents/Unreal Projects/agdgRTS/Saved/GridMaster2581ABDA4A8A96D02FC4C2B1C64839EB.tmp' to '../../../../../../Users/Admin/Documents/Unreal Projects/agdgRTS/Content/Developers/Quark/GridMaster.uasset'
[2015.06.11-09.54.53:927][983]Cmd: QUIT_EDITOR
[2015.06.11-09.54.54:207][983]LogExit: Preparing to exit.
[2015.06.11-09.54.54:715][983]LogExit: Editor shut down
[2015.06.11-09.54.54:716][983]LogExit: Transaction tracking system shut down
[2015.06.11-09.54.54:716][983]LogParticles: Destroying 0 GPU particle simulations for FXSystem 0x000000000CEF8AE0
[2015.06.11-09.54.54:717][983]LogParticles: Destroying 0 GPU particle simulations for FXSystem 0x000000000D8A3BA0
[2015.06.11-09.54.54:717][983]LogParticles: Destroying 0 GPU particle simulations for FXSystem 0x000000001FAC2660
[2015.06.11-09.54.54:717][983]LogParticles: Destroying 0 GPU particle simulations for FXSystem 0x000000000D621300
[2015.06.11-09.54.54:830][983]LogExit: Object subsystem successfully closed.
[2015.06.11-09.54.54:885][983]LogModuleManager: Shutting down and abandoning module MaterialEditor (189)
[2015.06.11-09.54.54:885][983]LogModuleManager: Shutting down and abandoning module CrashTracker (188)
[2015.06.11-09.54.54:885][983]LogModuleManager: Shutting down and abandoning module SceneOutliner (187)
[2015.06.11-09.54.54:885][983]LogModuleManager: Shutting down and abandoning module SuperSearch (186)
[2015.06.11-09.54.54:885][983]LogModuleManager: Shutting down and abandoning module WidgetCarousel (185)
[2015.06.11-09.54.54:885][983]LogModuleManager: Shutting down and abandoning module AddContentDialog (184)
[2015.06.11-09.54.54:886][983]LogModuleManager: Shutting down and abandoning module EditorWidgets (183)
[2015.06.11-09.54.54:886][983]LogModuleManager: Shutting down and abandoning module CollectionManager (182)
[2015.06.11-09.54.54:886][983]LogModuleManager: Shutting down and abandoning module StatsViewer (181)
[2015.06.11-09.54.54:886][983]LogModuleManager: Shutting down and abandoning module FoliageEdit (180)
[2015.06.11-09.54.54:886][983]LogModuleManager: Shutting down and abandoning module LandscapeEditor (179)
[2015.06.11-09.54.54:886][983]LogModuleManager: Shutting down and abandoning module ActorPickerMode (178)
[2015.06.11-09.54.54:886][983]LogModuleManager: Shutting down and abandoning module GeometryMode (177)
[2015.06.11-09.54.54:886][983]LogModuleManager: Shutting down and abandoning module TextureAlignMode (176)
[2015.06.11-09.54.54:886][983]LogModuleManager: Shutting down and abandoning module BspMode (175)
[2015.06.11-09.54.54:886][983]LogModuleManager: Shutting down and abandoning module PlacementMode (174)
[2015.06.11-09.54.54:886][983]LogModuleManager: Shutting down and abandoning module AutomationWorker (173)
[2015.06.11-09.54.54:886][983]LogModuleManager: Shutting down and abandoning module CharacterAI (172)
[2015.06.11-09.54.54:886][983]LogModuleManager: Shutting down and abandoning module SmartSnapping (171)
[2015.06.11-09.54.54:886][983]LogModuleManager: Shutting down and abandoning module ViewportSnapping (170)
[2015.06.11-09.54.54:886][983]LogModuleManager: Shutting down and abandoning module LogVisualizer (169)
[2015.06.11-09.54.54:886][983]LogModuleManager: Shutting down and abandoning module GameProjectGeneration (168)
[2015.06.11-09.54.54:886][983]LogModuleManager: Shutting down and abandoning module IntroTutorials (167)
[2015.06.11-09.54.54:886][983]LogModuleManager: Shutting down and abandoning module EditorLiveStreaming (166)
[2015.06.11-09.54.54:886][983]LogModuleManager: Shutting down and abandoning module IOSPlatformEditor (165)
[2015.06.11-09.54.54:886][983]LogModuleManager: Shutting down and abandoning module HTML5PlatformEditor (164)
[2015.06.11-09.54.54:886][983]LogModuleManager: Shutting down and abandoning module AndroidDeviceDetection (163)
[2015.06.11-09.54.55:086][983]LogModuleManager: Shutting down and abandoning module AndroidPlatformEditor (162)
[2015.06.11-09.54.55:086][983]LogModuleManager: Shutting down and abandoning module IOSRuntimeSettings (161)
[2015.06.11-09.54.55:086][983]LogModuleManager: Shutting down and abandoning module AndroidRuntimeSettings (160)
[2015.06.11-09.54.55:086][983]LogModuleManager: Shutting down and abandoning module MergeActors (159)
[2015.06.11-09.54.55:086][983]LogModuleManager: Shutting down and abandoning module SizeMap (158)
[2015.06.11-09.54.55:086][983]LogModuleManager: Shutting down and abandoning module TreeMap (157)
[2015.06.11-09.54.55:086][983]LogModuleManager: Shutting down and abandoning module ReferenceViewer (156)
[2015.06.11-09.54.55:086][983]LogModuleManager: Shutting down and abandoning module LocalizationDashboard (155)
[2015.06.11-09.54.55:086][983]LogModuleManager: Shutting down and abandoning module HardwareTargeting (154)
[2015.06.11-09.54.55:086][983]LogModuleManager: Shutting down and abandoning module DeviceProfileEditor (153)
[2015.06.11-09.54.55:086][983]LogModuleManager: Shutting down and abandoning module UndoHistory (152)
[2015.06.11-09.54.55:086][983]LogModuleManager: Shutting down and abandoning module GameplayTagsEditor (151)
[2015.06.11-09.54.55:086][983]LogModuleManager: Shutting down and abandoning module UserFeedback (150)
[2015.06.11-09.54.55:086][983]LogModuleManager: Shutting down and abandoning module XmlParser (149)
[2015.06.11-09.54.55:086][983]LogModuleManager: Shutting down and abandoning module Blutility (148)
[2015.06.11-09.54.55:086][983]LogModuleManager: Shutting down and abandoning module ProjectTargetPlatformEditor (147)
[2015.06.11-09.54.55:086][983]LogModuleManager: Shutting down and abandoning module ProjectSettingsViewer (146)
[2015.06.11-09.54.55:086][983]LogModuleManager: Shutting down and abandoning module InputBindingEditor (145)
[2015.06.11-09.54.55:086][983]LogModuleManager: Shutting down and abandoning module EditorSettingsViewer (144)
[2015.06.11-09.54.55:086][983]LogModuleManager: Shutting down and abandoning module SettingsEditor (143)
[2015.06.11-09.54.55:086][983]LogModuleManager: Shutting down and abandoning module ProjectLauncher (142)
[2015.06.11-09.54.55:086][983]LogModuleManager: Shutting down and abandoning module SessionFrontend (141)
[2015.06.11-09.54.55:086][983]LogModuleManager: Shutting down and abandoning module ProfilerClient (140)
[2015.06.11-09.54.55:086][983]LogModuleManager: Shutting down and abandoning module TargetDeviceServices (139)
[2015.06.11-09.54.55:086][983]LogModuleManager: Shutting down and abandoning module DeviceManager (138)
[2015.06.11-09.54.55:087][983]LogModuleManager: Shutting down and abandoning module AutomationController (137)
[2015.06.11-09.54.55:087][983]LogModuleManager: Shutting down and abandoning module AutomationWindow (136)
[2015.06.11-09.54.55:087][983]LogModuleManager: Shutting down and abandoning module Layers (135)
[2015.06.11-09.54.55:087][983]LogModuleManager: Shutting down and abandoning module ComponentVisualizers (134)
[2015.06.11-09.54.55:087][983]LogModuleManager: Shutting down and abandoning module DetailCustomizations (133)
[2015.06.11-09.54.55:087][983]LogModuleManager: Shutting down and abandoning module PackagesDialog (132)
[2015.06.11-09.54.55:087][983]LogModuleManager: Shutting down and abandoning module AssetRegistry (131)
[2015.06.11-09.54.55:132][983]LogModuleManager: Shutting down and abandoning module Persona (130)
[2015.06.11-09.54.55:132][983]LogModuleManager: Shutting down and abandoning module Kismet (129)
[2015.06.11-09.54.55:132][983]LogModuleManager: Shutting down and abandoning module GraphEditor (128)
[2015.06.11-09.54.55:132][983]LogModuleManager: Shutting down and abandoning module ClassViewer (127)
[2015.06.11-09.54.55:132][983]LogModuleManager: Shutting down and abandoning module Toolbox (126)
[2015.06.11-09.54.55:132][983]LogModuleManager: Shutting down and abandoning module ModuleUI (125)
[2015.06.11-09.54.55:132][983]LogModuleManager: Shutting down and abandoning module MovieSceneTools (124)
[2015.06.11-09.54.55:132][983]LogModuleManager: Shutting down and abandoning module OutputLog (123)
[2015.06.11-09.54.55:132][983]LogModuleManager: Shutting down and abandoning module GammaUI (122)
[2015.06.11-09.54.55:132][983]LogModuleManager: Shutting down and abandoning module Documentation (121)
[2015.06.11-09.54.55:132][983]LogModuleManager: Shutting down and abandoning module GameLiveStreaming (120)
[2015.06.11-09.54.55:132][983]LogModuleManager: Shutting down and abandoning module StreamingPauseRendering (119)
[2015.06.11-09.54.55:132][983]LogModuleManager: Shutting down and abandoning module AnalyticsET (118)
[2015.06.11-09.54.55:132][983]LogModuleManager: Shutting down and abandoning module Analytics (117)
[2015.06.11-09.54.55:132][983]LogModuleManager: Shutting down and abandoning module AITestSuite (116)
[2015.06.11-09.54.55:132][983]LogModuleManager: Shutting down and abandoning module GameplayDebugger (115)
[2015.06.11-09.54.55:132][983]LogModuleManager: Shutting down and abandoning module AIModule (114)
[2015.06.11-09.54.55:132][983]LogModuleManager: Shutting down and abandoning module ProfilerService (113)
[2015.06.11-09.54.55:294][983]LogModuleManager: Shutting down and abandoning module TaskGraph (112)
[2015.06.11-09.54.55:294][983]LogModuleManager: Shutting down and abandoning module SlateRemote (111)
[2015.06.11-09.54.55:294][983]LogModuleManager: Shutting down and abandoning module SteamVRController (110)
[2015.06.11-09.54.55:294][983]LogModuleManager: Shutting down and abandoning module SteamVR (109)
[2015.06.11-09.54.55:294][983]LogModuleManager: Shutting down and abandoning module ProceduralMeshComponent (108)
[2015.06.11-09.54.55:294][983]LogModuleManager: Shutting down and abandoning module OculusRift (107)
[2015.06.11-09.54.55:294][983]LogModuleManager: Shutting down and abandoning module LeapMotionController (106)
[2015.06.11-09.54.55:302][983]LogModuleManager: Shutting down and abandoning module CustomMeshComponent (105)
[2015.06.11-09.54.55:302][983]LogModuleManager: Shutting down and abandoning module CableComponent (104)
[2015.06.11-09.54.55:302][983]LogModuleManager: Shutting down and abandoning module MessagingDebugger (103)
[2015.06.11-09.54.55:302][983]LogModuleManager: Shutting down and abandoning module MediaPlayerEditor (102)
[2015.06.11-09.54.55:302][983]LogModuleManager: Shutting down and abandoning module SpeedTreeImporter (101)
[2015.06.11-09.54.55:302][983]LogModuleManager: Shutting down and abandoning module PluginBrowser (100)
[2015.06.11-09.54.55:302][983]LogModuleManager: Shutting down and abandoning module EpicSurvey (99)
[2015.06.11-09.54.55:302][983]LogModuleManager: Shutting down and abandoning module DesktopPlatform (98)
[2015.06.11-09.54.55:302][983]LogModuleManager: Shutting down and abandoning module VisualStudioSourceCodeAccess (97)
[2015.06.11-09.54.55:302][983]LogModuleManager: Shutting down and abandoning module UObjectPlugin (96)
[2015.06.11-09.54.55:302][983]LogModuleManager: Shutting down and abandoning module SubversionSourceControl (95)
[2015.06.11-09.54.55:302][983]LogModuleManager: Shutting down and abandoning module PerforceSourceControl (94)
[2015.06.11-09.54.55:302][983]LogModuleManager: Shutting down and abandoning module SourceControl (93)
[2015.06.11-09.54.55:302][983]LogModuleManager: Shutting down and abandoning module GitSourceControl (92)
[2015.06.11-09.54.55:302][983]LogModuleManager: Shutting down and abandoning module BlankPlugin (91)
[2015.06.11-09.54.55:302][983]LogModuleManager: Shutting down and abandoning module PaperTiledImporter (90)
[2015.06.11-09.54.55:302][983]LogModuleManager: Shutting down and abandoning module PaperSpriteSheetImporter (89)
[2015.06.11-09.54.55:302][983]LogModuleManager: Shutting down and abandoning module MeshPaint (88)
[2015.06.11-09.54.55:302][983]LogModuleManager: Shutting down and abandoning module SlateReflector (87)
[2015.06.11-09.54.55:302][983]LogModuleManager: Shutting down and abandoning module DirectoryWatcher (86)
[2015.06.11-09.54.55:302][983]LogModuleManager: Shutting down and abandoning module HotReload (85)
[2015.06.11-09.54.55:302][983]LogModuleManager: Shutting down and abandoning module MainFrame (84)
[2015.06.11-09.54.55:302][983]LogModuleManager: Shutting down and abandoning module LevelEditor (83)
[2015.06.11-09.54.55:303][983]LogModuleManager: Shutting down and abandoning module ContentBrowser (82)
[2015.06.11-09.54.55:304][983]LogModuleManager: Shutting down and abandoning module Paper2DEditor (81)
[2015.06.11-09.54.55:304][983]LogModuleManager: Shutting down and abandoning module UdpMessaging (80)
[2015.06.11-09.54.55:404][983]LogModuleManager: Shutting down and abandoning module Paper2D (79)
[2015.06.11-09.54.55:404][983]LogModuleManager: Shutting down and abandoning module WindowsMoviePlayer (78)
[2015.06.11-09.54.55:404][983]LogModuleManager: Shutting down and abandoning module Media (77)
[2015.06.11-09.54.55:404][983]LogModuleManager: Shutting down and abandoning module WmfMedia (76)
[2015.06.11-09.54.55:404][983]LogModuleManager: Shutting down and abandoning module OnlineBlueprintSupport (75)
[2015.06.11-09.54.55:404][983]LogModuleManager: Shutting down and abandoning module PropertyEditor (74)
[2015.06.11-09.54.55:404][983]LogModuleManager: Shutting down and abandoning module BehaviorTreeEditor (73)
[2015.06.11-09.54.55:404][983]LogModuleManager: Shutting down and abandoning module FunctionalTesting (72)
[2015.06.11-09.54.55:404][983]LogModuleManager: Shutting down and abandoning module CollisionAnalyzer (71)
[2015.06.11-09.54.55:404][983]LogModuleManager: Shutting down and abandoning module WorkspaceMenuStructure (70)
[2015.06.11-09.54.55:404][983]LogModuleManager: Shutting down and abandoning module MessageLog (69)
[2015.06.11-09.54.55:404][983]LogModuleManager: Shutting down and abandoning module Sequencer (68)
[2015.06.11-09.54.55:404][983]LogModuleManager: Shutting down and abandoning module AssetTools (67)
[2015.06.11-09.54.55:404][983]LogModuleManager: Shutting down and abandoning module UMGEditor (66)
[2015.06.11-09.54.55:404][983]LogModuleManager: Shutting down and abandoning module UMG (65)
[2015.06.11-09.54.55:404][983]LogModuleManager: Shutting down and abandoning module Slate (64)
[2015.06.11-09.54.55:404][983]LogModuleManager: Shutting down and abandoning module EditorStyle (63)
[2015.06.11-09.54.55:406][983]LogModuleManager: Shutting down and abandoning module SessionServices (62)
[2015.06.11-09.54.55:406][983]LogModuleManager: Shutting down and abandoning module SourceCodeAccess (61)
[2015.06.11-09.54.55:406][983]LogModuleManager: Shutting down and abandoning module HeadMountedDisplay (60)
[2015.06.11-09.54.55:406][983]LogModuleManager: Shutting down and abandoning module XAudio2 (59)
[2015.06.11-09.54.55:406][983]LogModuleManager: Shutting down and abandoning module Networking (57)
[2015.06.11-09.54.55:406][983]LogModuleManager: Shutting down and abandoning module Core (56)
[2015.06.11-09.54.55:406][983]LogModuleManager: Shutting down and abandoning module KismetCompiler (55)
[2015.06.11-09.54.55:406][983]LogModuleManager: Shutting down and abandoning module PhysXFormats (54)
[2015.06.11-09.54.55:406][983]LogModuleManager: Shutting down and abandoning module MeshUtilities (53)
[2015.06.11-09.54.55:406][983]LogModuleManager: Shutting down and abandoning module DerivedDataCache (52)
[2015.06.11-09.54.55:463][983]LogDerivedDataCache: Shutdown
[2015.06.11-09.54.55:463][983]LogModuleManager: Shutting down and abandoning module ShaderFormatOpenGL (51)
[2015.06.11-09.54.55:463][983]LogModuleManager: Shutting down and abandoning module ShaderFormatD3D (50)
[2015.06.11-09.54.55:463][983]LogModuleManager: Shutting down and abandoning module MetalShaderFormat (49)
[2015.06.11-09.54.55:463][983]LogModuleManager: Shutting down and abandoning module TextureFormatUncompressed (48)
[2015.06.11-09.54.55:463][983]LogModuleManager: Shutting down and abandoning module TextureFormatPVR (47)
[2015.06.11-09.54.55:463][983]LogModuleManager: Shutting down and abandoning module TextureFormatIntelISPCTexComp (46)
[2015.06.11-09.54.55:463][983]LogModuleManager: Shutting down and abandoning module TextureFormatDXT (45)
[2015.06.11-09.54.55:463][983]LogModuleManager: Shutting down and abandoning module ImageWrapper (44)
[2015.06.11-09.54.55:463][983]LogModuleManager: Shutting down and abandoning module TextureFormatASTC (43)
[2015.06.11-09.54.55:463][983]LogModuleManager: Shutting down and abandoning module TextureFormatAndroid (42)
[2015.06.11-09.54.55:463][983]LogModuleManager: Shutting down and abandoning module AudioFormatOpus (41)
[2015.06.11-09.54.55:463][983]LogModuleManager: Shutting down and abandoning module AudioFormatOgg (40)
[2015.06.11-09.54.55:463][983]LogModuleManager: Shutting down and abandoning module AudioFormatADPCM (39)
[2015.06.11-09.54.55:463][983]LogModuleManager: Shutting down and abandoning module LinuxTargetPlatform (38)
[2015.06.11-09.54.55:463][983]LogModuleManager: Shutting down and abandoning module LinuxServerTargetPlatform (37)
[2015.06.11-09.54.55:463][983]LogModuleManager: Shutting down and abandoning module LinuxNoEditorTargetPlatform (36)
[2015.06.11-09.54.55:463][983]LogModuleManager: Shutting down and abandoning module Messaging (35)
[2015.06.11-09.54.55:463][983]LogModuleManager: Shutting down and abandoning module IOSTargetPlatform (34)
[2015.06.11-09.54.55:463][983]LogModuleManager: Shutting down and abandoning module HTML5TargetPlatform (33)
[2015.06.11-09.54.55:463][983]LogModuleManager: Shutting down and abandoning module Android_PVRTCTargetPlatform (32)
[2015.06.11-09.54.55:463][983]LogModuleManager: Shutting down and abandoning module Android_ETC2TargetPlatform (31)
[2015.06.11-09.54.55:463][983]LogModuleManager: Shutting down and abandoning module Android_ETC1TargetPlatform (30)
[2015.06.11-09.54.55:463][983]LogModuleManager: Shutting down and abandoning module Android_DXTTargetPlatform (29)
[2015.06.11-09.54.55:463][983]LogModuleManager: Shutting down and abandoning module Android_ATCTargetPlatform (28)
[2015.06.11-09.54.55:463][983]LogModuleManager: Shutting down and abandoning module Android_ASTCTargetPlatform (27)
[2015.06.11-09.54.55:463][983]LogModuleManager: Shutting down and abandoning module AndroidTargetPlatform (26)
[2015.06.11-09.54.55:463][983]LogModuleManager: Shutting down and abandoning module WindowsTargetPlatform (25)
[2015.06.11-09.54.55:463][983]LogModuleManager: Shutting down and abandoning module WindowsServerTargetPlatform (24)
[2015.06.11-09.54.55:463][983]LogModuleManager: Shutting down and abandoning module WindowsNoEditorTargetPlatform (23)
[2015.06.11-09.54.55:463][983]LogModuleManager: Shutting down and abandoning module WindowsClientTargetPlatform (22)
[2015.06.11-09.54.55:463][983]LogModuleManager: Shutting down and abandoning module DesktopTargetPlatform (21)
[2015.06.11-09.54.55:463][983]LogModuleManager: Shutting down and abandoning module TargetPlatform (20)
[2015.06.11-09.54.55:463][983]LogModuleManager: Shutting down and abandoning module InputCore (19)
[2015.06.11-09.54.55:463][983]LogModuleManager: Shutting down and abandoning module Settings (18)
[2015.06.11-09.54.55:463][983]LogModuleManager: Shutting down and abandoning module OnlineSubsystem (16)
[2015.06.11-09.54.55:463][983]LogModuleManager: Shutting down and abandoning module HTTP (15)
[2015.06.11-09.54.55:463][983]LogModuleManager: Shutting down and abandoning module ExampleDeviceProfileSelector (14)
[2015.06.11-09.54.55:463][983]LogModuleManager: Shutting down and abandoning module TextureCompressor (13)
[2015.06.11-09.54.55:463][983]LogModuleManager: Shutting down and abandoning module ShaderCore (12)
[2015.06.11-09.54.55:463][983]LogModuleManager: Shutting down and abandoning module Landscape (11)
[2015.06.11-09.54.55:463][983]LogModuleManager: Shutting down and abandoning module SlateRHIRenderer (10)
[2015.06.11-09.54.55:465][983]LogModuleManager: Shutting down and abandoning module OpenGLDrv (9)
[2015.06.11-09.54.55:465][983]LogModuleManager: Shutting down and abandoning module D3D11RHI (8)
[2015.06.11-09.54.55:465][983]LogModuleManager: Shutting down and abandoning module Renderer (7)
[2015.06.11-09.54.55:465][983]LogModuleManager: Shutting down and abandoning module Engine (6)
[2015.06.11-09.54.55:465][983]LogModuleManager: Shutting down and abandoning module CoreUObject (5)
[2015.06.11-09.54.55:465][983]LogModuleManager: Shutting down and abandoning module NetworkFile (4)
[2015.06.11-09.54.55:465][983]LogModuleManager: Shutting down and abandoning module StreamingFile (3)
[2015.06.11-09.54.55:465][983]LogModuleManager: Shutting down and abandoning module SandboxFile (2)
[2015.06.11-09.54.55:465][983]LogModuleManager: Shutting down and abandoning module PakFile (1)
[2015.06.11-09.54.55:465][983]LogExit: Exiting.
[2015.06.11-09.54.55:477][983]Log file closed, 06/11/15 11:54:55
